/home/s.capobianco/.conda/envs/scouter/bin/python
| distributed init (rank 0): env://
load pre dataset parameter over
train model: use slot positive loss
number of params: 24023488
Start training
start train :0
start val :0
train loss: [4.906]
val loss: [3.997]
train acc: [0.516]
val acc: [0.554]
train CE loss: [1.829]
val CE loss: [1.228]
train attention loss: [0.308]
val attention loss: [0.277]
start train :1
start val :1
train loss: [4.906, 3.715]
val loss: [3.997, 3.561]
train acc: [0.516, 0.612]
val acc: [0.554, 0.588]
train CE loss: [1.829, 1.077]
val CE loss: [1.228, 1.062]
train attention loss: [0.308, 0.264]
val attention loss: [0.277, 0.25]
start train :2
start val :2
train loss: [4.906, 3.715, 3.346]
val loss: [3.997, 3.561, 3.354]
train acc: [0.516, 0.612, 0.675]
val acc: [0.554, 0.588, 0.675]
train CE loss: [1.829, 1.077, 0.843]
val CE loss: [1.228, 1.062, 0.834]
train attention loss: [0.308, 0.264, 0.25]
val attention loss: [0.277, 0.25, 0.252]
start train :3
start val :3
train loss: [4.906, 3.715, 3.346, 3.108]
val loss: [3.997, 3.561, 3.354, 3.276]
train acc: [0.516, 0.612, 0.675, 0.751]
val acc: [0.554, 0.588, 0.675, 0.747]
train CE loss: [1.829, 1.077, 0.843, 0.67]
val CE loss: [1.228, 1.062, 0.834, 0.708]
train attention loss: [0.308, 0.264, 0.25, 0.244]
val attention loss: [0.277, 0.25, 0.252, 0.257]
start train :4
start val :4
train loss: [4.906, 3.715, 3.346, 3.108, 3.012]
val loss: [3.997, 3.561, 3.354, 3.276, 3.192]
train acc: [0.516, 0.612, 0.675, 0.751, 0.804]
val acc: [0.554, 0.588, 0.675, 0.747, 0.754]
train CE loss: [1.829, 1.077, 0.843, 0.67, 0.547]
val CE loss: [1.228, 1.062, 0.834, 0.708, 0.713]
train attention loss: [0.308, 0.264, 0.25, 0.244, 0.246]
val attention loss: [0.277, 0.25, 0.252, 0.257, 0.248]
start train :5
start val :5
train loss: [4.906, 3.715, 3.346, 3.108, 3.012, 2.987]
val loss: [3.997, 3.561, 3.354, 3.276, 3.192, 2.829]
train acc: [0.516, 0.612, 0.675, 0.751, 0.804, 0.749]
val acc: [0.554, 0.588, 0.675, 0.747, 0.754, 0.644]
train CE loss: [1.829, 1.077, 0.843, 0.67, 0.547, 0.728]
val CE loss: [1.228, 1.062, 0.834, 0.708, 0.713, 1.053]
train attention loss: [0.308, 0.264, 0.25, 0.244, 0.246, 0.226]
val attention loss: [0.277, 0.25, 0.252, 0.257, 0.248, 0.178]
start train :6
start val :6
train loss: [4.906, 3.715, 3.346, 3.108, 3.012, 2.987, 2.332]
val loss: [3.997, 3.561, 3.354, 3.276, 3.192, 2.829, 2.4]
train acc: [0.516, 0.612, 0.675, 0.751, 0.804, 0.749, 0.798]
val acc: [0.554, 0.588, 0.675, 0.747, 0.754, 0.644, 0.775]
train CE loss: [1.829, 1.077, 0.843, 0.67, 0.547, 0.728, 0.63]
val CE loss: [1.228, 1.062, 0.834, 0.708, 0.713, 1.053, 0.74]
train attention loss: [0.308, 0.264, 0.25, 0.244, 0.246, 0.226, 0.17]
val attention loss: [0.277, 0.25, 0.252, 0.257, 0.248, 0.178, 0.166]
start train :7
start val :7
train loss: [4.906, 3.715, 3.346, 3.108, 3.012, 2.987, 2.332, 1.972]
val loss: [3.997, 3.561, 3.354, 3.276, 3.192, 2.829, 2.4, 2.302]
train acc: [0.516, 0.612, 0.675, 0.751, 0.804, 0.749, 0.798, 0.852]
val acc: [0.554, 0.588, 0.675, 0.747, 0.754, 0.644, 0.775, 0.795]
train CE loss: [1.829, 1.077, 0.843, 0.67, 0.547, 0.728, 0.63, 0.378]
val CE loss: [1.228, 1.062, 0.834, 0.708, 0.713, 1.053, 0.74, 0.683]
train attention loss: [0.308, 0.264, 0.25, 0.244, 0.246, 0.226, 0.17, 0.159]
val attention loss: [0.277, 0.25, 0.252, 0.257, 0.248, 0.178, 0.166, 0.162]
start train :8
start val :8
train loss: [4.906, 3.715, 3.346, 3.108, 3.012, 2.987, 2.332, 1.972, 1.891]
val loss: [3.997, 3.561, 3.354, 3.276, 3.192, 2.829, 2.4, 2.302, 2.213]
train acc: [0.516, 0.612, 0.675, 0.751, 0.804, 0.749, 0.798, 0.852, 0.835]
val acc: [0.554, 0.588, 0.675, 0.747, 0.754, 0.644, 0.775, 0.795, 0.795]
train CE loss: [1.829, 1.077, 0.843, 0.67, 0.547, 0.728, 0.63, 0.378, 0.421]
val CE loss: [1.228, 1.062, 0.834, 0.708, 0.713, 1.053, 0.74, 0.683, 0.684]
train attention loss: [0.308, 0.264, 0.25, 0.244, 0.246, 0.226, 0.17, 0.159, 0.147]
val attention loss: [0.277, 0.25, 0.252, 0.257, 0.248, 0.178, 0.166, 0.162, 0.153]
start train :9
start val :9
train loss: [4.906, 3.715, 3.346, 3.108, 3.012, 2.987, 2.332, 1.972, 1.891, 1.749]
val loss: [3.997, 3.561, 3.354, 3.276, 3.192, 2.829, 2.4, 2.302, 2.213, 2.155]
train acc: [0.516, 0.612, 0.675, 0.751, 0.804, 0.749, 0.798, 0.852, 0.835, 0.877]
val acc: [0.554, 0.588, 0.675, 0.747, 0.754, 0.644, 0.775, 0.795, 0.795, 0.824]
train CE loss: [1.829, 1.077, 0.843, 0.67, 0.547, 0.728, 0.63, 0.378, 0.421, 0.311]
val CE loss: [1.228, 1.062, 0.834, 0.708, 0.713, 1.053, 0.74, 0.683, 0.684, 0.633]
train attention loss: [0.308, 0.264, 0.25, 0.244, 0.246, 0.226, 0.17, 0.159, 0.147, 0.144]
val attention loss: [0.277, 0.25, 0.252, 0.257, 0.248, 0.178, 0.166, 0.162, 0.153, 0.152]
start train :10
start val :10
train loss: [4.906, 3.715, 3.346, 3.108, 3.012, 2.987, 2.332, 1.972, 1.891, 1.749, 1.681]
val loss: [3.997, 3.561, 3.354, 3.276, 3.192, 2.829, 2.4, 2.302, 2.213, 2.155, 2.145]
train acc: [0.516, 0.612, 0.675, 0.751, 0.804, 0.749, 0.798, 0.852, 0.835, 0.877, 0.875]
val acc: [0.554, 0.588, 0.675, 0.747, 0.754, 0.644, 0.775, 0.795, 0.795, 0.824, 0.801]
train CE loss: [1.829, 1.077, 0.843, 0.67, 0.547, 0.728, 0.63, 0.378, 0.421, 0.311, 0.328]
val CE loss: [1.228, 1.062, 0.834, 0.708, 0.713, 1.053, 0.74, 0.683, 0.684, 0.633, 0.77]
train attention loss: [0.308, 0.264, 0.25, 0.244, 0.246, 0.226, 0.17, 0.159, 0.147, 0.144, 0.135]
val attention loss: [0.277, 0.25, 0.252, 0.257, 0.248, 0.178, 0.166, 0.162, 0.153, 0.152, 0.138]
start train :11
start val :11
train loss: [4.906, 3.715, 3.346, 3.108, 3.012, 2.987, 2.332, 1.972, 1.891, 1.749, 1.681, 1.568]
val loss: [3.997, 3.561, 3.354, 3.276, 3.192, 2.829, 2.4, 2.302, 2.213, 2.155, 2.145, 2.127]
train acc: [0.516, 0.612, 0.675, 0.751, 0.804, 0.749, 0.798, 0.852, 0.835, 0.877, 0.875, 0.886]
val acc: [0.554, 0.588, 0.675, 0.747, 0.754, 0.644, 0.775, 0.795, 0.795, 0.824, 0.801, 0.814]
train CE loss: [1.829, 1.077, 0.843, 0.67, 0.547, 0.728, 0.63, 0.378, 0.421, 0.311, 0.328, 0.301]
val CE loss: [1.228, 1.062, 0.834, 0.708, 0.713, 1.053, 0.74, 0.683, 0.684, 0.633, 0.77, 0.738]
train attention loss: [0.308, 0.264, 0.25, 0.244, 0.246, 0.226, 0.17, 0.159, 0.147, 0.144, 0.135, 0.127]
val attention loss: [0.277, 0.25, 0.252, 0.257, 0.248, 0.178, 0.166, 0.162, 0.153, 0.152, 0.138, 0.139]
start train :12
start val :12
train loss: [4.906, 3.715, 3.346, 3.108, 3.012, 2.987, 2.332, 1.972, 1.891, 1.749, 1.681, 1.568, 1.487]
val loss: [3.997, 3.561, 3.354, 3.276, 3.192, 2.829, 2.4, 2.302, 2.213, 2.155, 2.145, 2.127, 2.072]
train acc: [0.516, 0.612, 0.675, 0.751, 0.804, 0.749, 0.798, 0.852, 0.835, 0.877, 0.875, 0.886, 0.9]
val acc: [0.554, 0.588, 0.675, 0.747, 0.754, 0.644, 0.775, 0.795, 0.795, 0.824, 0.801, 0.814, 0.801]
train CE loss: [1.829, 1.077, 0.843, 0.67, 0.547, 0.728, 0.63, 0.378, 0.421, 0.311, 0.328, 0.301, 0.27]
val CE loss: [1.228, 1.062, 0.834, 0.708, 0.713, 1.053, 0.74, 0.683, 0.684, 0.633, 0.77, 0.738, 0.758]
train attention loss: [0.308, 0.264, 0.25, 0.244, 0.246, 0.226, 0.17, 0.159, 0.147, 0.144, 0.135, 0.127, 0.122]
val attention loss: [0.277, 0.25, 0.252, 0.257, 0.248, 0.178, 0.166, 0.162, 0.153, 0.152, 0.138, 0.139, 0.131]
start train :13
start val :13
train loss: [4.906, 3.715, 3.346, 3.108, 3.012, 2.987, 2.332, 1.972, 1.891, 1.749, 1.681, 1.568, 1.487, 1.42]
val loss: [3.997, 3.561, 3.354, 3.276, 3.192, 2.829, 2.4, 2.302, 2.213, 2.155, 2.145, 2.127, 2.072, 2.018]
train acc: [0.516, 0.612, 0.675, 0.751, 0.804, 0.749, 0.798, 0.852, 0.835, 0.877, 0.875, 0.886, 0.9, 0.902]
val acc: [0.554, 0.588, 0.675, 0.747, 0.754, 0.644, 0.775, 0.795, 0.795, 0.824, 0.801, 0.814, 0.801, 0.831]
train CE loss: [1.829, 1.077, 0.843, 0.67, 0.547, 0.728, 0.63, 0.378, 0.421, 0.311, 0.328, 0.301, 0.27, 0.269]
val CE loss: [1.228, 1.062, 0.834, 0.708, 0.713, 1.053, 0.74, 0.683, 0.684, 0.633, 0.77, 0.738, 0.758, 0.717]
train attention loss: [0.308, 0.264, 0.25, 0.244, 0.246, 0.226, 0.17, 0.159, 0.147, 0.144, 0.135, 0.127, 0.122, 0.115]
val attention loss: [0.277, 0.25, 0.252, 0.257, 0.248, 0.178, 0.166, 0.162, 0.153, 0.152, 0.138, 0.139, 0.131, 0.13]
start train :14
start val :14
train loss: [4.906, 3.715, 3.346, 3.108, 3.012, 2.987, 2.332, 1.972, 1.891, 1.749, 1.681, 1.568, 1.487, 1.42, 1.396]
val loss: [3.997, 3.561, 3.354, 3.276, 3.192, 2.829, 2.4, 2.302, 2.213, 2.155, 2.145, 2.127, 2.072, 2.018, 2.076]
train acc: [0.516, 0.612, 0.675, 0.751, 0.804, 0.749, 0.798, 0.852, 0.835, 0.877, 0.875, 0.886, 0.9, 0.902, 0.879]
val acc: [0.554, 0.588, 0.675, 0.747, 0.754, 0.644, 0.775, 0.795, 0.795, 0.824, 0.801, 0.814, 0.801, 0.831, 0.773]
train CE loss: [1.829, 1.077, 0.843, 0.67, 0.547, 0.728, 0.63, 0.378, 0.421, 0.311, 0.328, 0.301, 0.27, 0.269, 0.362]
val CE loss: [1.228, 1.062, 0.834, 0.708, 0.713, 1.053, 0.74, 0.683, 0.684, 0.633, 0.77, 0.738, 0.758, 0.717, 0.965]
train attention loss: [0.308, 0.264, 0.25, 0.244, 0.246, 0.226, 0.17, 0.159, 0.147, 0.144, 0.135, 0.127, 0.122, 0.115, 0.103]
val attention loss: [0.277, 0.25, 0.252, 0.257, 0.248, 0.178, 0.166, 0.162, 0.153, 0.152, 0.138, 0.139, 0.131, 0.13, 0.111]
start train :15
start val :15
train loss: [4.906, 3.715, 3.346, 3.108, 3.012, 2.987, 2.332, 1.972, 1.891, 1.749, 1.681, 1.568, 1.487, 1.42, 1.396, 1.315]
val loss: [3.997, 3.561, 3.354, 3.276, 3.192, 2.829, 2.4, 2.302, 2.213, 2.155, 2.145, 2.127, 2.072, 2.018, 2.076, 1.985]
train acc: [0.516, 0.612, 0.675, 0.751, 0.804, 0.749, 0.798, 0.852, 0.835, 0.877, 0.875, 0.886, 0.9, 0.902, 0.879, 0.874]
val acc: [0.554, 0.588, 0.675, 0.747, 0.754, 0.644, 0.775, 0.795, 0.795, 0.824, 0.801, 0.814, 0.801, 0.831, 0.773, 0.786]
train CE loss: [1.829, 1.077, 0.843, 0.67, 0.547, 0.728, 0.63, 0.378, 0.421, 0.311, 0.328, 0.301, 0.27, 0.269, 0.362, 0.369]
val CE loss: [1.228, 1.062, 0.834, 0.708, 0.713, 1.053, 0.74, 0.683, 0.684, 0.633, 0.77, 0.738, 0.758, 0.717, 0.965, 0.909]
train attention loss: [0.308, 0.264, 0.25, 0.244, 0.246, 0.226, 0.17, 0.159, 0.147, 0.144, 0.135, 0.127, 0.122, 0.115, 0.103, 0.095]
val attention loss: [0.277, 0.25, 0.252, 0.257, 0.248, 0.178, 0.166, 0.162, 0.153, 0.152, 0.138, 0.139, 0.131, 0.13, 0.111, 0.108]
start train :16
start val :16
train loss: [4.906, 3.715, 3.346, 3.108, 3.012, 2.987, 2.332, 1.972, 1.891, 1.749, 1.681, 1.568, 1.487, 1.42, 1.396, 1.315, 1.214]
val loss: [3.997, 3.561, 3.354, 3.276, 3.192, 2.829, 2.4, 2.302, 2.213, 2.155, 2.145, 2.127, 2.072, 2.018, 2.076, 1.985, 1.895]
train acc: [0.516, 0.612, 0.675, 0.751, 0.804, 0.749, 0.798, 0.852, 0.835, 0.877, 0.875, 0.886, 0.9, 0.902, 0.879, 0.874, 0.897]
val acc: [0.554, 0.588, 0.675, 0.747, 0.754, 0.644, 0.775, 0.795, 0.795, 0.824, 0.801, 0.814, 0.801, 0.831, 0.773, 0.786, 0.831]
train CE loss: [1.829, 1.077, 0.843, 0.67, 0.547, 0.728, 0.63, 0.378, 0.421, 0.311, 0.328, 0.301, 0.27, 0.269, 0.362, 0.369, 0.281]
val CE loss: [1.228, 1.062, 0.834, 0.708, 0.713, 1.053, 0.74, 0.683, 0.684, 0.633, 0.77, 0.738, 0.758, 0.717, 0.965, 0.909, 0.75]
train attention loss: [0.308, 0.264, 0.25, 0.244, 0.246, 0.226, 0.17, 0.159, 0.147, 0.144, 0.135, 0.127, 0.122, 0.115, 0.103, 0.095, 0.093]
val attention loss: [0.277, 0.25, 0.252, 0.257, 0.248, 0.178, 0.166, 0.162, 0.153, 0.152, 0.138, 0.139, 0.131, 0.13, 0.111, 0.108, 0.114]
start train :17
start val :17
train loss: [4.906, 3.715, 3.346, 3.108, 3.012, 2.987, 2.332, 1.972, 1.891, 1.749, 1.681, 1.568, 1.487, 1.42, 1.396, 1.315, 1.214, 1.14]
val loss: [3.997, 3.561, 3.354, 3.276, 3.192, 2.829, 2.4, 2.302, 2.213, 2.155, 2.145, 2.127, 2.072, 2.018, 2.076, 1.985, 1.895, 1.836]
train acc: [0.516, 0.612, 0.675, 0.751, 0.804, 0.749, 0.798, 0.852, 0.835, 0.877, 0.875, 0.886, 0.9, 0.902, 0.879, 0.874, 0.897, 0.913]
val acc: [0.554, 0.588, 0.675, 0.747, 0.754, 0.644, 0.775, 0.795, 0.795, 0.824, 0.801, 0.814, 0.801, 0.831, 0.773, 0.786, 0.831, 0.838]
train CE loss: [1.829, 1.077, 0.843, 0.67, 0.547, 0.728, 0.63, 0.378, 0.421, 0.311, 0.328, 0.301, 0.27, 0.269, 0.362, 0.369, 0.281, 0.244]
val CE loss: [1.228, 1.062, 0.834, 0.708, 0.713, 1.053, 0.74, 0.683, 0.684, 0.633, 0.77, 0.738, 0.758, 0.717, 0.965, 0.909, 0.75, 0.732]
train attention loss: [0.308, 0.264, 0.25, 0.244, 0.246, 0.226, 0.17, 0.159, 0.147, 0.144, 0.135, 0.127, 0.122, 0.115, 0.103, 0.095, 0.093, 0.09]
val attention loss: [0.277, 0.25, 0.252, 0.257, 0.248, 0.178, 0.166, 0.162, 0.153, 0.152, 0.138, 0.139, 0.131, 0.13, 0.111, 0.108, 0.114, 0.11]
start train :18
start val :18
train loss: [4.906, 3.715, 3.346, 3.108, 3.012, 2.987, 2.332, 1.972, 1.891, 1.749, 1.681, 1.568, 1.487, 1.42, 1.396, 1.315, 1.214, 1.14, 1.061]
val loss: [3.997, 3.561, 3.354, 3.276, 3.192, 2.829, 2.4, 2.302, 2.213, 2.155, 2.145, 2.127, 2.072, 2.018, 2.076, 1.985, 1.895, 1.836, 1.81]
train acc: [0.516, 0.612, 0.675, 0.751, 0.804, 0.749, 0.798, 0.852, 0.835, 0.877, 0.875, 0.886, 0.9, 0.902, 0.879, 0.874, 0.897, 0.913, 0.927]
val acc: [0.554, 0.588, 0.675, 0.747, 0.754, 0.644, 0.775, 0.795, 0.795, 0.824, 0.801, 0.814, 0.801, 0.831, 0.773, 0.786, 0.831, 0.838, 0.842]
train CE loss: [1.829, 1.077, 0.843, 0.67, 0.547, 0.728, 0.63, 0.378, 0.421, 0.311, 0.328, 0.301, 0.27, 0.269, 0.362, 0.369, 0.281, 0.244, 0.212]
val CE loss: [1.228, 1.062, 0.834, 0.708, 0.713, 1.053, 0.74, 0.683, 0.684, 0.633, 0.77, 0.738, 0.758, 0.717, 0.965, 0.909, 0.75, 0.732, 0.753]
train attention loss: [0.308, 0.264, 0.25, 0.244, 0.246, 0.226, 0.17, 0.159, 0.147, 0.144, 0.135, 0.127, 0.122, 0.115, 0.103, 0.095, 0.093, 0.09, 0.085]
val attention loss: [0.277, 0.25, 0.252, 0.257, 0.248, 0.178, 0.166, 0.162, 0.153, 0.152, 0.138, 0.139, 0.131, 0.13, 0.111, 0.108, 0.114, 0.11, 0.106]
start train :19
start val :19
train loss: [4.906, 3.715, 3.346, 3.108, 3.012, 2.987, 2.332, 1.972, 1.891, 1.749, 1.681, 1.568, 1.487, 1.42, 1.396, 1.315, 1.214, 1.14, 1.061, 1.024]
val loss: [3.997, 3.561, 3.354, 3.276, 3.192, 2.829, 2.4, 2.302, 2.213, 2.155, 2.145, 2.127, 2.072, 2.018, 2.076, 1.985, 1.895, 1.836, 1.81, 1.735]
train acc: [0.516, 0.612, 0.675, 0.751, 0.804, 0.749, 0.798, 0.852, 0.835, 0.877, 0.875, 0.886, 0.9, 0.902, 0.879, 0.874, 0.897, 0.913, 0.927, 0.935]
val acc: [0.554, 0.588, 0.675, 0.747, 0.754, 0.644, 0.775, 0.795, 0.795, 0.824, 0.801, 0.814, 0.801, 0.831, 0.773, 0.786, 0.831, 0.838, 0.842, 0.867]
train CE loss: [1.829, 1.077, 0.843, 0.67, 0.547, 0.728, 0.63, 0.378, 0.421, 0.311, 0.328, 0.301, 0.27, 0.269, 0.362, 0.369, 0.281, 0.244, 0.212, 0.176]
val CE loss: [1.228, 1.062, 0.834, 0.708, 0.713, 1.053, 0.74, 0.683, 0.684, 0.633, 0.77, 0.738, 0.758, 0.717, 0.965, 0.909, 0.75, 0.732, 0.753, 0.655]
train attention loss: [0.308, 0.264, 0.25, 0.244, 0.246, 0.226, 0.17, 0.159, 0.147, 0.144, 0.135, 0.127, 0.122, 0.115, 0.103, 0.095, 0.093, 0.09, 0.085, 0.085]
val attention loss: [0.277, 0.25, 0.252, 0.257, 0.248, 0.178, 0.166, 0.162, 0.153, 0.152, 0.138, 0.139, 0.131, 0.13, 0.111, 0.108, 0.114, 0.11, 0.106, 0.108]
start train :20
start val :20
train loss: [4.906, 3.715, 3.346, 3.108, 3.012, 2.987, 2.332, 1.972, 1.891, 1.749, 1.681, 1.568, 1.487, 1.42, 1.396, 1.315, 1.214, 1.14, 1.061, 1.024, 0.993]
val loss: [3.997, 3.561, 3.354, 3.276, 3.192, 2.829, 2.4, 2.302, 2.213, 2.155, 2.145, 2.127, 2.072, 2.018, 2.076, 1.985, 1.895, 1.836, 1.81, 1.735, 1.742]
train acc: [0.516, 0.612, 0.675, 0.751, 0.804, 0.749, 0.798, 0.852, 0.835, 0.877, 0.875, 0.886, 0.9, 0.902, 0.879, 0.874, 0.897, 0.913, 0.927, 0.935, 0.929]
val acc: [0.554, 0.588, 0.675, 0.747, 0.754, 0.644, 0.775, 0.795, 0.795, 0.824, 0.801, 0.814, 0.801, 0.831, 0.773, 0.786, 0.831, 0.838, 0.842, 0.867, 0.87]
train CE loss: [1.829, 1.077, 0.843, 0.67, 0.547, 0.728, 0.63, 0.378, 0.421, 0.311, 0.328, 0.301, 0.27, 0.269, 0.362, 0.369, 0.281, 0.244, 0.212, 0.176, 0.204]
val CE loss: [1.228, 1.062, 0.834, 0.708, 0.713, 1.053, 0.74, 0.683, 0.684, 0.633, 0.77, 0.738, 0.758, 0.717, 0.965, 0.909, 0.75, 0.732, 0.753, 0.655, 0.718]
train attention loss: [0.308, 0.264, 0.25, 0.244, 0.246, 0.226, 0.17, 0.159, 0.147, 0.144, 0.135, 0.127, 0.122, 0.115, 0.103, 0.095, 0.093, 0.09, 0.085, 0.085, 0.079]
val attention loss: [0.277, 0.25, 0.252, 0.257, 0.248, 0.178, 0.166, 0.162, 0.153, 0.152, 0.138, 0.139, 0.131, 0.13, 0.111, 0.108, 0.114, 0.11, 0.106, 0.108, 0.102]
start train :21
start val :21
train loss: [4.906, 3.715, 3.346, 3.108, 3.012, 2.987, 2.332, 1.972, 1.891, 1.749, 1.681, 1.568, 1.487, 1.42, 1.396, 1.315, 1.214, 1.14, 1.061, 1.024, 0.993, 0.918]
val loss: [3.997, 3.561, 3.354, 3.276, 3.192, 2.829, 2.4, 2.302, 2.213, 2.155, 2.145, 2.127, 2.072, 2.018, 2.076, 1.985, 1.895, 1.836, 1.81, 1.735, 1.742, 1.749]
train acc: [0.516, 0.612, 0.675, 0.751, 0.804, 0.749, 0.798, 0.852, 0.835, 0.877, 0.875, 0.886, 0.9, 0.902, 0.879, 0.874, 0.897, 0.913, 0.927, 0.935, 0.929, 0.932]
val acc: [0.554, 0.588, 0.675, 0.747, 0.754, 0.644, 0.775, 0.795, 0.795, 0.824, 0.801, 0.814, 0.801, 0.831, 0.773, 0.786, 0.831, 0.838, 0.842, 0.867, 0.87, 0.855]
train CE loss: [1.829, 1.077, 0.843, 0.67, 0.547, 0.728, 0.63, 0.378, 0.421, 0.311, 0.328, 0.301, 0.27, 0.269, 0.362, 0.369, 0.281, 0.244, 0.212, 0.176, 0.204, 0.179]
val CE loss: [1.228, 1.062, 0.834, 0.708, 0.713, 1.053, 0.74, 0.683, 0.684, 0.633, 0.77, 0.738, 0.758, 0.717, 0.965, 0.909, 0.75, 0.732, 0.753, 0.655, 0.718, 0.789]
train attention loss: [0.308, 0.264, 0.25, 0.244, 0.246, 0.226, 0.17, 0.159, 0.147, 0.144, 0.135, 0.127, 0.122, 0.115, 0.103, 0.095, 0.093, 0.09, 0.085, 0.085, 0.079, 0.074]
val attention loss: [0.277, 0.25, 0.252, 0.257, 0.248, 0.178, 0.166, 0.162, 0.153, 0.152, 0.138, 0.139, 0.131, 0.13, 0.111, 0.108, 0.114, 0.11, 0.106, 0.108, 0.102, 0.096]
start train :22
start val :22
train loss: [4.906, 3.715, 3.346, 3.108, 3.012, 2.987, 2.332, 1.972, 1.891, 1.749, 1.681, 1.568, 1.487, 1.42, 1.396, 1.315, 1.214, 1.14, 1.061, 1.024, 0.993, 0.918, 0.887]
val loss: [3.997, 3.561, 3.354, 3.276, 3.192, 2.829, 2.4, 2.302, 2.213, 2.155, 2.145, 2.127, 2.072, 2.018, 2.076, 1.985, 1.895, 1.836, 1.81, 1.735, 1.742, 1.749, 1.766]
train acc: [0.516, 0.612, 0.675, 0.751, 0.804, 0.749, 0.798, 0.852, 0.835, 0.877, 0.875, 0.886, 0.9, 0.902, 0.879, 0.874, 0.897, 0.913, 0.927, 0.935, 0.929, 0.932, 0.936]
val acc: [0.554, 0.588, 0.675, 0.747, 0.754, 0.644, 0.775, 0.795, 0.795, 0.824, 0.801, 0.814, 0.801, 0.831, 0.773, 0.786, 0.831, 0.838, 0.842, 0.867, 0.87, 0.855, 0.861]
train CE loss: [1.829, 1.077, 0.843, 0.67, 0.547, 0.728, 0.63, 0.378, 0.421, 0.311, 0.328, 0.301, 0.27, 0.269, 0.362, 0.369, 0.281, 0.244, 0.212, 0.176, 0.204, 0.179, 0.177]
val CE loss: [1.228, 1.062, 0.834, 0.708, 0.713, 1.053, 0.74, 0.683, 0.684, 0.633, 0.77, 0.738, 0.758, 0.717, 0.965, 0.909, 0.75, 0.732, 0.753, 0.655, 0.718, 0.789, 0.805]
train attention loss: [0.308, 0.264, 0.25, 0.244, 0.246, 0.226, 0.17, 0.159, 0.147, 0.144, 0.135, 0.127, 0.122, 0.115, 0.103, 0.095, 0.093, 0.09, 0.085, 0.085, 0.079, 0.074, 0.071]
val attention loss: [0.277, 0.25, 0.252, 0.257, 0.248, 0.178, 0.166, 0.162, 0.153, 0.152, 0.138, 0.139, 0.131, 0.13, 0.111, 0.108, 0.114, 0.11, 0.106, 0.108, 0.102, 0.096, 0.096]
start train :23
start val :23
train loss: [4.906, 3.715, 3.346, 3.108, 3.012, 2.987, 2.332, 1.972, 1.891, 1.749, 1.681, 1.568, 1.487, 1.42, 1.396, 1.315, 1.214, 1.14, 1.061, 1.024, 0.993, 0.918, 0.887, 0.846]
val loss: [3.997, 3.561, 3.354, 3.276, 3.192, 2.829, 2.4, 2.302, 2.213, 2.155, 2.145, 2.127, 2.072, 2.018, 2.076, 1.985, 1.895, 1.836, 1.81, 1.735, 1.742, 1.749, 1.766, 1.686]
train acc: [0.516, 0.612, 0.675, 0.751, 0.804, 0.749, 0.798, 0.852, 0.835, 0.877, 0.875, 0.886, 0.9, 0.902, 0.879, 0.874, 0.897, 0.913, 0.927, 0.935, 0.929, 0.932, 0.936, 0.957]
val acc: [0.554, 0.588, 0.675, 0.747, 0.754, 0.644, 0.775, 0.795, 0.795, 0.824, 0.801, 0.814, 0.801, 0.831, 0.773, 0.786, 0.831, 0.838, 0.842, 0.867, 0.87, 0.855, 0.861, 0.874]
train CE loss: [1.829, 1.077, 0.843, 0.67, 0.547, 0.728, 0.63, 0.378, 0.421, 0.311, 0.328, 0.301, 0.27, 0.269, 0.362, 0.369, 0.281, 0.244, 0.212, 0.176, 0.204, 0.179, 0.177, 0.125]
val CE loss: [1.228, 1.062, 0.834, 0.708, 0.713, 1.053, 0.74, 0.683, 0.684, 0.633, 0.77, 0.738, 0.758, 0.717, 0.965, 0.909, 0.75, 0.732, 0.753, 0.655, 0.718, 0.789, 0.805, 0.739]
train attention loss: [0.308, 0.264, 0.25, 0.244, 0.246, 0.226, 0.17, 0.159, 0.147, 0.144, 0.135, 0.127, 0.122, 0.115, 0.103, 0.095, 0.093, 0.09, 0.085, 0.085, 0.079, 0.074, 0.071, 0.072]
val attention loss: [0.277, 0.25, 0.252, 0.257, 0.248, 0.178, 0.166, 0.162, 0.153, 0.152, 0.138, 0.139, 0.131, 0.13, 0.111, 0.108, 0.114, 0.11, 0.106, 0.108, 0.102, 0.096, 0.096, 0.095]
start train :24
start val :24
train loss: [4.906, 3.715, 3.346, 3.108, 3.012, 2.987, 2.332, 1.972, 1.891, 1.749, 1.681, 1.568, 1.487, 1.42, 1.396, 1.315, 1.214, 1.14, 1.061, 1.024, 0.993, 0.918, 0.887, 0.846, 0.802]
val loss: [3.997, 3.561, 3.354, 3.276, 3.192, 2.829, 2.4, 2.302, 2.213, 2.155, 2.145, 2.127, 2.072, 2.018, 2.076, 1.985, 1.895, 1.836, 1.81, 1.735, 1.742, 1.749, 1.766, 1.686, 1.667]
train acc: [0.516, 0.612, 0.675, 0.751, 0.804, 0.749, 0.798, 0.852, 0.835, 0.877, 0.875, 0.886, 0.9, 0.902, 0.879, 0.874, 0.897, 0.913, 0.927, 0.935, 0.929, 0.932, 0.936, 0.957, 0.958]
val acc: [0.554, 0.588, 0.675, 0.747, 0.754, 0.644, 0.775, 0.795, 0.795, 0.824, 0.801, 0.814, 0.801, 0.831, 0.773, 0.786, 0.831, 0.838, 0.842, 0.867, 0.87, 0.855, 0.861, 0.874, 0.87]
train CE loss: [1.829, 1.077, 0.843, 0.67, 0.547, 0.728, 0.63, 0.378, 0.421, 0.311, 0.328, 0.301, 0.27, 0.269, 0.362, 0.369, 0.281, 0.244, 0.212, 0.176, 0.204, 0.179, 0.177, 0.125, 0.124]
val CE loss: [1.228, 1.062, 0.834, 0.708, 0.713, 1.053, 0.74, 0.683, 0.684, 0.633, 0.77, 0.738, 0.758, 0.717, 0.965, 0.909, 0.75, 0.732, 0.753, 0.655, 0.718, 0.789, 0.805, 0.739, 0.758]
train attention loss: [0.308, 0.264, 0.25, 0.244, 0.246, 0.226, 0.17, 0.159, 0.147, 0.144, 0.135, 0.127, 0.122, 0.115, 0.103, 0.095, 0.093, 0.09, 0.085, 0.085, 0.079, 0.074, 0.071, 0.072, 0.068]
val attention loss: [0.277, 0.25, 0.252, 0.257, 0.248, 0.178, 0.166, 0.162, 0.153, 0.152, 0.138, 0.139, 0.131, 0.13, 0.111, 0.108, 0.114, 0.11, 0.106, 0.108, 0.102, 0.096, 0.096, 0.095, 0.091]
start train :25
start val :25
train loss: [4.906, 3.715, 3.346, 3.108, 3.012, 2.987, 2.332, 1.972, 1.891, 1.749, 1.681, 1.568, 1.487, 1.42, 1.396, 1.315, 1.214, 1.14, 1.061, 1.024, 0.993, 0.918, 0.887, 0.846, 0.802, 0.76]
val loss: [3.997, 3.561, 3.354, 3.276, 3.192, 2.829, 2.4, 2.302, 2.213, 2.155, 2.145, 2.127, 2.072, 2.018, 2.076, 1.985, 1.895, 1.836, 1.81, 1.735, 1.742, 1.749, 1.766, 1.686, 1.667, 1.676]
train acc: [0.516, 0.612, 0.675, 0.751, 0.804, 0.749, 0.798, 0.852, 0.835, 0.877, 0.875, 0.886, 0.9, 0.902, 0.879, 0.874, 0.897, 0.913, 0.927, 0.935, 0.929, 0.932, 0.936, 0.957, 0.958, 0.96]
val acc: [0.554, 0.588, 0.675, 0.747, 0.754, 0.644, 0.775, 0.795, 0.795, 0.824, 0.801, 0.814, 0.801, 0.831, 0.773, 0.786, 0.831, 0.838, 0.842, 0.867, 0.87, 0.855, 0.861, 0.874, 0.87, 0.863]
train CE loss: [1.829, 1.077, 0.843, 0.67, 0.547, 0.728, 0.63, 0.378, 0.421, 0.311, 0.328, 0.301, 0.27, 0.269, 0.362, 0.369, 0.281, 0.244, 0.212, 0.176, 0.204, 0.179, 0.177, 0.125, 0.124, 0.119]
val CE loss: [1.228, 1.062, 0.834, 0.708, 0.713, 1.053, 0.74, 0.683, 0.684, 0.633, 0.77, 0.738, 0.758, 0.717, 0.965, 0.909, 0.75, 0.732, 0.753, 0.655, 0.718, 0.789, 0.805, 0.739, 0.758, 0.803]
train attention loss: [0.308, 0.264, 0.25, 0.244, 0.246, 0.226, 0.17, 0.159, 0.147, 0.144, 0.135, 0.127, 0.122, 0.115, 0.103, 0.095, 0.093, 0.09, 0.085, 0.085, 0.079, 0.074, 0.071, 0.072, 0.068, 0.064]
val attention loss: [0.277, 0.25, 0.252, 0.257, 0.248, 0.178, 0.166, 0.162, 0.153, 0.152, 0.138, 0.139, 0.131, 0.13, 0.111, 0.108, 0.114, 0.11, 0.106, 0.108, 0.102, 0.096, 0.096, 0.095, 0.091, 0.087]
start train :26
start val :26
train loss: [4.906, 3.715, 3.346, 3.108, 3.012, 2.987, 2.332, 1.972, 1.891, 1.749, 1.681, 1.568, 1.487, 1.42, 1.396, 1.315, 1.214, 1.14, 1.061, 1.024, 0.993, 0.918, 0.887, 0.846, 0.802, 0.76, 0.729]
val loss: [3.997, 3.561, 3.354, 3.276, 3.192, 2.829, 2.4, 2.302, 2.213, 2.155, 2.145, 2.127, 2.072, 2.018, 2.076, 1.985, 1.895, 1.836, 1.81, 1.735, 1.742, 1.749, 1.766, 1.686, 1.667, 1.676, 1.645]
train acc: [0.516, 0.612, 0.675, 0.751, 0.804, 0.749, 0.798, 0.852, 0.835, 0.877, 0.875, 0.886, 0.9, 0.902, 0.879, 0.874, 0.897, 0.913, 0.927, 0.935, 0.929, 0.932, 0.936, 0.957, 0.958, 0.96, 0.964]
val acc: [0.554, 0.588, 0.675, 0.747, 0.754, 0.644, 0.775, 0.795, 0.795, 0.824, 0.801, 0.814, 0.801, 0.831, 0.773, 0.786, 0.831, 0.838, 0.842, 0.867, 0.87, 0.855, 0.861, 0.874, 0.87, 0.863, 0.873]
train CE loss: [1.829, 1.077, 0.843, 0.67, 0.547, 0.728, 0.63, 0.378, 0.421, 0.311, 0.328, 0.301, 0.27, 0.269, 0.362, 0.369, 0.281, 0.244, 0.212, 0.176, 0.204, 0.179, 0.177, 0.125, 0.124, 0.119, 0.092]
val CE loss: [1.228, 1.062, 0.834, 0.708, 0.713, 1.053, 0.74, 0.683, 0.684, 0.633, 0.77, 0.738, 0.758, 0.717, 0.965, 0.909, 0.75, 0.732, 0.753, 0.655, 0.718, 0.789, 0.805, 0.739, 0.758, 0.803, 0.752]
train attention loss: [0.308, 0.264, 0.25, 0.244, 0.246, 0.226, 0.17, 0.159, 0.147, 0.144, 0.135, 0.127, 0.122, 0.115, 0.103, 0.095, 0.093, 0.09, 0.085, 0.085, 0.079, 0.074, 0.071, 0.072, 0.068, 0.064, 0.064]
val attention loss: [0.277, 0.25, 0.252, 0.257, 0.248, 0.178, 0.166, 0.162, 0.153, 0.152, 0.138, 0.139, 0.131, 0.13, 0.111, 0.108, 0.114, 0.11, 0.106, 0.108, 0.102, 0.096, 0.096, 0.095, 0.091, 0.087, 0.089]
start train :27
start val :27
train loss: [4.906, 3.715, 3.346, 3.108, 3.012, 2.987, 2.332, 1.972, 1.891, 1.749, 1.681, 1.568, 1.487, 1.42, 1.396, 1.315, 1.214, 1.14, 1.061, 1.024, 0.993, 0.918, 0.887, 0.846, 0.802, 0.76, 0.729, 0.71]
val loss: [3.997, 3.561, 3.354, 3.276, 3.192, 2.829, 2.4, 2.302, 2.213, 2.155, 2.145, 2.127, 2.072, 2.018, 2.076, 1.985, 1.895, 1.836, 1.81, 1.735, 1.742, 1.749, 1.766, 1.686, 1.667, 1.676, 1.645, 1.633]
train acc: [0.516, 0.612, 0.675, 0.751, 0.804, 0.749, 0.798, 0.852, 0.835, 0.877, 0.875, 0.886, 0.9, 0.902, 0.879, 0.874, 0.897, 0.913, 0.927, 0.935, 0.929, 0.932, 0.936, 0.957, 0.958, 0.96, 0.964, 0.967]
val acc: [0.554, 0.588, 0.675, 0.747, 0.754, 0.644, 0.775, 0.795, 0.795, 0.824, 0.801, 0.814, 0.801, 0.831, 0.773, 0.786, 0.831, 0.838, 0.842, 0.867, 0.87, 0.855, 0.861, 0.874, 0.87, 0.863, 0.873, 0.883]
train CE loss: [1.829, 1.077, 0.843, 0.67, 0.547, 0.728, 0.63, 0.378, 0.421, 0.311, 0.328, 0.301, 0.27, 0.269, 0.362, 0.369, 0.281, 0.244, 0.212, 0.176, 0.204, 0.179, 0.177, 0.125, 0.124, 0.119, 0.092, 0.094]
val CE loss: [1.228, 1.062, 0.834, 0.708, 0.713, 1.053, 0.74, 0.683, 0.684, 0.633, 0.77, 0.738, 0.758, 0.717, 0.965, 0.909, 0.75, 0.732, 0.753, 0.655, 0.718, 0.789, 0.805, 0.739, 0.758, 0.803, 0.752, 0.757]
train attention loss: [0.308, 0.264, 0.25, 0.244, 0.246, 0.226, 0.17, 0.159, 0.147, 0.144, 0.135, 0.127, 0.122, 0.115, 0.103, 0.095, 0.093, 0.09, 0.085, 0.085, 0.079, 0.074, 0.071, 0.072, 0.068, 0.064, 0.064, 0.062]
val attention loss: [0.277, 0.25, 0.252, 0.257, 0.248, 0.178, 0.166, 0.162, 0.153, 0.152, 0.138, 0.139, 0.131, 0.13, 0.111, 0.108, 0.114, 0.11, 0.106, 0.108, 0.102, 0.096, 0.096, 0.095, 0.091, 0.087, 0.089, 0.088]
start train :28
start val :28
train loss: [4.906, 3.715, 3.346, 3.108, 3.012, 2.987, 2.332, 1.972, 1.891, 1.749, 1.681, 1.568, 1.487, 1.42, 1.396, 1.315, 1.214, 1.14, 1.061, 1.024, 0.993, 0.918, 0.887, 0.846, 0.802, 0.76, 0.729, 0.71, 0.73]
val loss: [3.997, 3.561, 3.354, 3.276, 3.192, 2.829, 2.4, 2.302, 2.213, 2.155, 2.145, 2.127, 2.072, 2.018, 2.076, 1.985, 1.895, 1.836, 1.81, 1.735, 1.742, 1.749, 1.766, 1.686, 1.667, 1.676, 1.645, 1.633, 1.659]
train acc: [0.516, 0.612, 0.675, 0.751, 0.804, 0.749, 0.798, 0.852, 0.835, 0.877, 0.875, 0.886, 0.9, 0.902, 0.879, 0.874, 0.897, 0.913, 0.927, 0.935, 0.929, 0.932, 0.936, 0.957, 0.958, 0.96, 0.964, 0.967, 0.97]
val acc: [0.554, 0.588, 0.675, 0.747, 0.754, 0.644, 0.775, 0.795, 0.795, 0.824, 0.801, 0.814, 0.801, 0.831, 0.773, 0.786, 0.831, 0.838, 0.842, 0.867, 0.87, 0.855, 0.861, 0.874, 0.87, 0.863, 0.873, 0.883, 0.879]
train CE loss: [1.829, 1.077, 0.843, 0.67, 0.547, 0.728, 0.63, 0.378, 0.421, 0.311, 0.328, 0.301, 0.27, 0.269, 0.362, 0.369, 0.281, 0.244, 0.212, 0.176, 0.204, 0.179, 0.177, 0.125, 0.124, 0.119, 0.092, 0.094, 0.099]
val CE loss: [1.228, 1.062, 0.834, 0.708, 0.713, 1.053, 0.74, 0.683, 0.684, 0.633, 0.77, 0.738, 0.758, 0.717, 0.965, 0.909, 0.75, 0.732, 0.753, 0.655, 0.718, 0.789, 0.805, 0.739, 0.758, 0.803, 0.752, 0.757, 0.786]
train attention loss: [0.308, 0.264, 0.25, 0.244, 0.246, 0.226, 0.17, 0.159, 0.147, 0.144, 0.135, 0.127, 0.122, 0.115, 0.103, 0.095, 0.093, 0.09, 0.085, 0.085, 0.079, 0.074, 0.071, 0.072, 0.068, 0.064, 0.064, 0.062, 0.063]
val attention loss: [0.277, 0.25, 0.252, 0.257, 0.248, 0.178, 0.166, 0.162, 0.153, 0.152, 0.138, 0.139, 0.131, 0.13, 0.111, 0.108, 0.114, 0.11, 0.106, 0.108, 0.102, 0.096, 0.096, 0.095, 0.091, 0.087, 0.089, 0.088, 0.087]
start train :29
start val :29
train loss: [4.906, 3.715, 3.346, 3.108, 3.012, 2.987, 2.332, 1.972, 1.891, 1.749, 1.681, 1.568, 1.487, 1.42, 1.396, 1.315, 1.214, 1.14, 1.061, 1.024, 0.993, 0.918, 0.887, 0.846, 0.802, 0.76, 0.729, 0.71, 0.73, 0.681]
val loss: [3.997, 3.561, 3.354, 3.276, 3.192, 2.829, 2.4, 2.302, 2.213, 2.155, 2.145, 2.127, 2.072, 2.018, 2.076, 1.985, 1.895, 1.836, 1.81, 1.735, 1.742, 1.749, 1.766, 1.686, 1.667, 1.676, 1.645, 1.633, 1.659, 1.683]
train acc: [0.516, 0.612, 0.675, 0.751, 0.804, 0.749, 0.798, 0.852, 0.835, 0.877, 0.875, 0.886, 0.9, 0.902, 0.879, 0.874, 0.897, 0.913, 0.927, 0.935, 0.929, 0.932, 0.936, 0.957, 0.958, 0.96, 0.964, 0.967, 0.97, 0.974]
val acc: [0.554, 0.588, 0.675, 0.747, 0.754, 0.644, 0.775, 0.795, 0.795, 0.824, 0.801, 0.814, 0.801, 0.831, 0.773, 0.786, 0.831, 0.838, 0.842, 0.867, 0.87, 0.855, 0.861, 0.874, 0.87, 0.863, 0.873, 0.883, 0.879, 0.884]
train CE loss: [1.829, 1.077, 0.843, 0.67, 0.547, 0.728, 0.63, 0.378, 0.421, 0.311, 0.328, 0.301, 0.27, 0.269, 0.362, 0.369, 0.281, 0.244, 0.212, 0.176, 0.204, 0.179, 0.177, 0.125, 0.124, 0.119, 0.092, 0.094, 0.099, 0.075]
val CE loss: [1.228, 1.062, 0.834, 0.708, 0.713, 1.053, 0.74, 0.683, 0.684, 0.633, 0.77, 0.738, 0.758, 0.717, 0.965, 0.909, 0.75, 0.732, 0.753, 0.655, 0.718, 0.789, 0.805, 0.739, 0.758, 0.803, 0.752, 0.757, 0.786, 0.792]
train attention loss: [0.308, 0.264, 0.25, 0.244, 0.246, 0.226, 0.17, 0.159, 0.147, 0.144, 0.135, 0.127, 0.122, 0.115, 0.103, 0.095, 0.093, 0.09, 0.085, 0.085, 0.079, 0.074, 0.071, 0.072, 0.068, 0.064, 0.064, 0.062, 0.063, 0.061]
val attention loss: [0.277, 0.25, 0.252, 0.257, 0.248, 0.178, 0.166, 0.162, 0.153, 0.152, 0.138, 0.139, 0.131, 0.13, 0.111, 0.108, 0.114, 0.11, 0.106, 0.108, 0.102, 0.096, 0.096, 0.095, 0.091, 0.087, 0.089, 0.088, 0.087, 0.089]
start train :30
start val :30
train loss: [4.906, 3.715, 3.346, 3.108, 3.012, 2.987, 2.332, 1.972, 1.891, 1.749, 1.681, 1.568, 1.487, 1.42, 1.396, 1.315, 1.214, 1.14, 1.061, 1.024, 0.993, 0.918, 0.887, 0.846, 0.802, 0.76, 0.729, 0.71, 0.73, 0.681, 0.665]
val loss: [3.997, 3.561, 3.354, 3.276, 3.192, 2.829, 2.4, 2.302, 2.213, 2.155, 2.145, 2.127, 2.072, 2.018, 2.076, 1.985, 1.895, 1.836, 1.81, 1.735, 1.742, 1.749, 1.766, 1.686, 1.667, 1.676, 1.645, 1.633, 1.659, 1.683, 1.669]
train acc: [0.516, 0.612, 0.675, 0.751, 0.804, 0.749, 0.798, 0.852, 0.835, 0.877, 0.875, 0.886, 0.9, 0.902, 0.879, 0.874, 0.897, 0.913, 0.927, 0.935, 0.929, 0.932, 0.936, 0.957, 0.958, 0.96, 0.964, 0.967, 0.97, 0.974, 0.98]
val acc: [0.554, 0.588, 0.675, 0.747, 0.754, 0.644, 0.775, 0.795, 0.795, 0.824, 0.801, 0.814, 0.801, 0.831, 0.773, 0.786, 0.831, 0.838, 0.842, 0.867, 0.87, 0.855, 0.861, 0.874, 0.87, 0.863, 0.873, 0.883, 0.879, 0.884, 0.89]
train CE loss: [1.829, 1.077, 0.843, 0.67, 0.547, 0.728, 0.63, 0.378, 0.421, 0.311, 0.328, 0.301, 0.27, 0.269, 0.362, 0.369, 0.281, 0.244, 0.212, 0.176, 0.204, 0.179, 0.177, 0.125, 0.124, 0.119, 0.092, 0.094, 0.099, 0.075, 0.065]
val CE loss: [1.228, 1.062, 0.834, 0.708, 0.713, 1.053, 0.74, 0.683, 0.684, 0.633, 0.77, 0.738, 0.758, 0.717, 0.965, 0.909, 0.75, 0.732, 0.753, 0.655, 0.718, 0.789, 0.805, 0.739, 0.758, 0.803, 0.752, 0.757, 0.786, 0.792, 0.804]
train attention loss: [0.308, 0.264, 0.25, 0.244, 0.246, 0.226, 0.17, 0.159, 0.147, 0.144, 0.135, 0.127, 0.122, 0.115, 0.103, 0.095, 0.093, 0.09, 0.085, 0.085, 0.079, 0.074, 0.071, 0.072, 0.068, 0.064, 0.064, 0.062, 0.063, 0.061, 0.06]
val attention loss: [0.277, 0.25, 0.252, 0.257, 0.248, 0.178, 0.166, 0.162, 0.153, 0.152, 0.138, 0.139, 0.131, 0.13, 0.111, 0.108, 0.114, 0.11, 0.106, 0.108, 0.102, 0.096, 0.096, 0.095, 0.091, 0.087, 0.089, 0.088, 0.087, 0.089, 0.087]
start train :31
start val :31
train loss: [4.906, 3.715, 3.346, 3.108, 3.012, 2.987, 2.332, 1.972, 1.891, 1.749, 1.681, 1.568, 1.487, 1.42, 1.396, 1.315, 1.214, 1.14, 1.061, 1.024, 0.993, 0.918, 0.887, 0.846, 0.802, 0.76, 0.729, 0.71, 0.73, 0.681, 0.665, 0.643]
val loss: [3.997, 3.561, 3.354, 3.276, 3.192, 2.829, 2.4, 2.302, 2.213, 2.155, 2.145, 2.127, 2.072, 2.018, 2.076, 1.985, 1.895, 1.836, 1.81, 1.735, 1.742, 1.749, 1.766, 1.686, 1.667, 1.676, 1.645, 1.633, 1.659, 1.683, 1.669, 1.661]
train acc: [0.516, 0.612, 0.675, 0.751, 0.804, 0.749, 0.798, 0.852, 0.835, 0.877, 0.875, 0.886, 0.9, 0.902, 0.879, 0.874, 0.897, 0.913, 0.927, 0.935, 0.929, 0.932, 0.936, 0.957, 0.958, 0.96, 0.964, 0.967, 0.97, 0.974, 0.98, 0.976]
val acc: [0.554, 0.588, 0.675, 0.747, 0.754, 0.644, 0.775, 0.795, 0.795, 0.824, 0.801, 0.814, 0.801, 0.831, 0.773, 0.786, 0.831, 0.838, 0.842, 0.867, 0.87, 0.855, 0.861, 0.874, 0.87, 0.863, 0.873, 0.883, 0.879, 0.884, 0.89, 0.883]
train CE loss: [1.829, 1.077, 0.843, 0.67, 0.547, 0.728, 0.63, 0.378, 0.421, 0.311, 0.328, 0.301, 0.27, 0.269, 0.362, 0.369, 0.281, 0.244, 0.212, 0.176, 0.204, 0.179, 0.177, 0.125, 0.124, 0.119, 0.092, 0.094, 0.099, 0.075, 0.065, 0.072]
val CE loss: [1.228, 1.062, 0.834, 0.708, 0.713, 1.053, 0.74, 0.683, 0.684, 0.633, 0.77, 0.738, 0.758, 0.717, 0.965, 0.909, 0.75, 0.732, 0.753, 0.655, 0.718, 0.789, 0.805, 0.739, 0.758, 0.803, 0.752, 0.757, 0.786, 0.792, 0.804, 0.837]
train attention loss: [0.308, 0.264, 0.25, 0.244, 0.246, 0.226, 0.17, 0.159, 0.147, 0.144, 0.135, 0.127, 0.122, 0.115, 0.103, 0.095, 0.093, 0.09, 0.085, 0.085, 0.079, 0.074, 0.071, 0.072, 0.068, 0.064, 0.064, 0.062, 0.063, 0.061, 0.06, 0.057]
val attention loss: [0.277, 0.25, 0.252, 0.257, 0.248, 0.178, 0.166, 0.162, 0.153, 0.152, 0.138, 0.139, 0.131, 0.13, 0.111, 0.108, 0.114, 0.11, 0.106, 0.108, 0.102, 0.096, 0.096, 0.095, 0.091, 0.087, 0.089, 0.088, 0.087, 0.089, 0.087, 0.082]
start train :32
start val :32
train loss: [4.906, 3.715, 3.346, 3.108, 3.012, 2.987, 2.332, 1.972, 1.891, 1.749, 1.681, 1.568, 1.487, 1.42, 1.396, 1.315, 1.214, 1.14, 1.061, 1.024, 0.993, 0.918, 0.887, 0.846, 0.802, 0.76, 0.729, 0.71, 0.73, 0.681, 0.665, 0.643, 0.663]
val loss: [3.997, 3.561, 3.354, 3.276, 3.192, 2.829, 2.4, 2.302, 2.213, 2.155, 2.145, 2.127, 2.072, 2.018, 2.076, 1.985, 1.895, 1.836, 1.81, 1.735, 1.742, 1.749, 1.766, 1.686, 1.667, 1.676, 1.645, 1.633, 1.659, 1.683, 1.669, 1.661, 1.734]
train acc: [0.516, 0.612, 0.675, 0.751, 0.804, 0.749, 0.798, 0.852, 0.835, 0.877, 0.875, 0.886, 0.9, 0.902, 0.879, 0.874, 0.897, 0.913, 0.927, 0.935, 0.929, 0.932, 0.936, 0.957, 0.958, 0.96, 0.964, 0.967, 0.97, 0.974, 0.98, 0.976, 0.964]
val acc: [0.554, 0.588, 0.675, 0.747, 0.754, 0.644, 0.775, 0.795, 0.795, 0.824, 0.801, 0.814, 0.801, 0.831, 0.773, 0.786, 0.831, 0.838, 0.842, 0.867, 0.87, 0.855, 0.861, 0.874, 0.87, 0.863, 0.873, 0.883, 0.879, 0.884, 0.89, 0.883, 0.881]
train CE loss: [1.829, 1.077, 0.843, 0.67, 0.547, 0.728, 0.63, 0.378, 0.421, 0.311, 0.328, 0.301, 0.27, 0.269, 0.362, 0.369, 0.281, 0.244, 0.212, 0.176, 0.204, 0.179, 0.177, 0.125, 0.124, 0.119, 0.092, 0.094, 0.099, 0.075, 0.065, 0.072, 0.101]
val CE loss: [1.228, 1.062, 0.834, 0.708, 0.713, 1.053, 0.74, 0.683, 0.684, 0.633, 0.77, 0.738, 0.758, 0.717, 0.965, 0.909, 0.75, 0.732, 0.753, 0.655, 0.718, 0.789, 0.805, 0.739, 0.758, 0.803, 0.752, 0.757, 0.786, 0.792, 0.804, 0.837, 0.878]
train attention loss: [0.308, 0.264, 0.25, 0.244, 0.246, 0.226, 0.17, 0.159, 0.147, 0.144, 0.135, 0.127, 0.122, 0.115, 0.103, 0.095, 0.093, 0.09, 0.085, 0.085, 0.079, 0.074, 0.071, 0.072, 0.068, 0.064, 0.064, 0.062, 0.063, 0.061, 0.06, 0.057, 0.056]
val attention loss: [0.277, 0.25, 0.252, 0.257, 0.248, 0.178, 0.166, 0.162, 0.153, 0.152, 0.138, 0.139, 0.131, 0.13, 0.111, 0.108, 0.114, 0.11, 0.106, 0.108, 0.102, 0.096, 0.096, 0.095, 0.091, 0.087, 0.089, 0.088, 0.087, 0.089, 0.087, 0.082, 0.086]
start train :33
start val :33
train loss: [4.906, 3.715, 3.346, 3.108, 3.012, 2.987, 2.332, 1.972, 1.891, 1.749, 1.681, 1.568, 1.487, 1.42, 1.396, 1.315, 1.214, 1.14, 1.061, 1.024, 0.993, 0.918, 0.887, 0.846, 0.802, 0.76, 0.729, 0.71, 0.73, 0.681, 0.665, 0.643, 0.663, 0.628]
val loss: [3.997, 3.561, 3.354, 3.276, 3.192, 2.829, 2.4, 2.302, 2.213, 2.155, 2.145, 2.127, 2.072, 2.018, 2.076, 1.985, 1.895, 1.836, 1.81, 1.735, 1.742, 1.749, 1.766, 1.686, 1.667, 1.676, 1.645, 1.633, 1.659, 1.683, 1.669, 1.661, 1.734, 1.69]
train acc: [0.516, 0.612, 0.675, 0.751, 0.804, 0.749, 0.798, 0.852, 0.835, 0.877, 0.875, 0.886, 0.9, 0.902, 0.879, 0.874, 0.897, 0.913, 0.927, 0.935, 0.929, 0.932, 0.936, 0.957, 0.958, 0.96, 0.964, 0.967, 0.97, 0.974, 0.98, 0.976, 0.964, 0.974]
val acc: [0.554, 0.588, 0.675, 0.747, 0.754, 0.644, 0.775, 0.795, 0.795, 0.824, 0.801, 0.814, 0.801, 0.831, 0.773, 0.786, 0.831, 0.838, 0.842, 0.867, 0.87, 0.855, 0.861, 0.874, 0.87, 0.863, 0.873, 0.883, 0.879, 0.884, 0.89, 0.883, 0.881, 0.874]
train CE loss: [1.829, 1.077, 0.843, 0.67, 0.547, 0.728, 0.63, 0.378, 0.421, 0.311, 0.328, 0.301, 0.27, 0.269, 0.362, 0.369, 0.281, 0.244, 0.212, 0.176, 0.204, 0.179, 0.177, 0.125, 0.124, 0.119, 0.092, 0.094, 0.099, 0.075, 0.065, 0.072, 0.101, 0.072]
val CE loss: [1.228, 1.062, 0.834, 0.708, 0.713, 1.053, 0.74, 0.683, 0.684, 0.633, 0.77, 0.738, 0.758, 0.717, 0.965, 0.909, 0.75, 0.732, 0.753, 0.655, 0.718, 0.789, 0.805, 0.739, 0.758, 0.803, 0.752, 0.757, 0.786, 0.792, 0.804, 0.837, 0.878, 0.907]
train attention loss: [0.308, 0.264, 0.25, 0.244, 0.246, 0.226, 0.17, 0.159, 0.147, 0.144, 0.135, 0.127, 0.122, 0.115, 0.103, 0.095, 0.093, 0.09, 0.085, 0.085, 0.079, 0.074, 0.071, 0.072, 0.068, 0.064, 0.064, 0.062, 0.063, 0.061, 0.06, 0.057, 0.056, 0.056]
val attention loss: [0.277, 0.25, 0.252, 0.257, 0.248, 0.178, 0.166, 0.162, 0.153, 0.152, 0.138, 0.139, 0.131, 0.13, 0.111, 0.108, 0.114, 0.11, 0.106, 0.108, 0.102, 0.096, 0.096, 0.095, 0.091, 0.087, 0.089, 0.088, 0.087, 0.089, 0.087, 0.082, 0.086, 0.078]
start train :34
start val :34
train loss: [4.906, 3.715, 3.346, 3.108, 3.012, 2.987, 2.332, 1.972, 1.891, 1.749, 1.681, 1.568, 1.487, 1.42, 1.396, 1.315, 1.214, 1.14, 1.061, 1.024, 0.993, 0.918, 0.887, 0.846, 0.802, 0.76, 0.729, 0.71, 0.73, 0.681, 0.665, 0.643, 0.663, 0.628, 0.663]
val loss: [3.997, 3.561, 3.354, 3.276, 3.192, 2.829, 2.4, 2.302, 2.213, 2.155, 2.145, 2.127, 2.072, 2.018, 2.076, 1.985, 1.895, 1.836, 1.81, 1.735, 1.742, 1.749, 1.766, 1.686, 1.667, 1.676, 1.645, 1.633, 1.659, 1.683, 1.669, 1.661, 1.734, 1.69, 1.774]
train acc: [0.516, 0.612, 0.675, 0.751, 0.804, 0.749, 0.798, 0.852, 0.835, 0.877, 0.875, 0.886, 0.9, 0.902, 0.879, 0.874, 0.897, 0.913, 0.927, 0.935, 0.929, 0.932, 0.936, 0.957, 0.958, 0.96, 0.964, 0.967, 0.97, 0.974, 0.98, 0.976, 0.964, 0.974, 0.975]
val acc: [0.554, 0.588, 0.675, 0.747, 0.754, 0.644, 0.775, 0.795, 0.795, 0.824, 0.801, 0.814, 0.801, 0.831, 0.773, 0.786, 0.831, 0.838, 0.842, 0.867, 0.87, 0.855, 0.861, 0.874, 0.87, 0.863, 0.873, 0.883, 0.879, 0.884, 0.89, 0.883, 0.881, 0.874, 0.903]
train CE loss: [1.829, 1.077, 0.843, 0.67, 0.547, 0.728, 0.63, 0.378, 0.421, 0.311, 0.328, 0.301, 0.27, 0.269, 0.362, 0.369, 0.281, 0.244, 0.212, 0.176, 0.204, 0.179, 0.177, 0.125, 0.124, 0.119, 0.092, 0.094, 0.099, 0.075, 0.065, 0.072, 0.101, 0.072, 0.084]
val CE loss: [1.228, 1.062, 0.834, 0.708, 0.713, 1.053, 0.74, 0.683, 0.684, 0.633, 0.77, 0.738, 0.758, 0.717, 0.965, 0.909, 0.75, 0.732, 0.753, 0.655, 0.718, 0.789, 0.805, 0.739, 0.758, 0.803, 0.752, 0.757, 0.786, 0.792, 0.804, 0.837, 0.878, 0.907, 0.834]
train attention loss: [0.308, 0.264, 0.25, 0.244, 0.246, 0.226, 0.17, 0.159, 0.147, 0.144, 0.135, 0.127, 0.122, 0.115, 0.103, 0.095, 0.093, 0.09, 0.085, 0.085, 0.079, 0.074, 0.071, 0.072, 0.068, 0.064, 0.064, 0.062, 0.063, 0.061, 0.06, 0.057, 0.056, 0.056, 0.058]
val attention loss: [0.277, 0.25, 0.252, 0.257, 0.248, 0.178, 0.166, 0.162, 0.153, 0.152, 0.138, 0.139, 0.131, 0.13, 0.111, 0.108, 0.114, 0.11, 0.106, 0.108, 0.102, 0.096, 0.096, 0.095, 0.091, 0.087, 0.089, 0.088, 0.087, 0.089, 0.087, 0.082, 0.086, 0.078, 0.094]
start train :35
start val :35
train loss: [4.906, 3.715, 3.346, 3.108, 3.012, 2.987, 2.332, 1.972, 1.891, 1.749, 1.681, 1.568, 1.487, 1.42, 1.396, 1.315, 1.214, 1.14, 1.061, 1.024, 0.993, 0.918, 0.887, 0.846, 0.802, 0.76, 0.729, 0.71, 0.73, 0.681, 0.665, 0.643, 0.663, 0.628, 0.663, 0.627]
val loss: [3.997, 3.561, 3.354, 3.276, 3.192, 2.829, 2.4, 2.302, 2.213, 2.155, 2.145, 2.127, 2.072, 2.018, 2.076, 1.985, 1.895, 1.836, 1.81, 1.735, 1.742, 1.749, 1.766, 1.686, 1.667, 1.676, 1.645, 1.633, 1.659, 1.683, 1.669, 1.661, 1.734, 1.69, 1.774, 1.69]
train acc: [0.516, 0.612, 0.675, 0.751, 0.804, 0.749, 0.798, 0.852, 0.835, 0.877, 0.875, 0.886, 0.9, 0.902, 0.879, 0.874, 0.897, 0.913, 0.927, 0.935, 0.929, 0.932, 0.936, 0.957, 0.958, 0.96, 0.964, 0.967, 0.97, 0.974, 0.98, 0.976, 0.964, 0.974, 0.975, 0.982]
val acc: [0.554, 0.588, 0.675, 0.747, 0.754, 0.644, 0.775, 0.795, 0.795, 0.824, 0.801, 0.814, 0.801, 0.831, 0.773, 0.786, 0.831, 0.838, 0.842, 0.867, 0.87, 0.855, 0.861, 0.874, 0.87, 0.863, 0.873, 0.883, 0.879, 0.884, 0.89, 0.883, 0.881, 0.874, 0.903, 0.893]
train CE loss: [1.829, 1.077, 0.843, 0.67, 0.547, 0.728, 0.63, 0.378, 0.421, 0.311, 0.328, 0.301, 0.27, 0.269, 0.362, 0.369, 0.281, 0.244, 0.212, 0.176, 0.204, 0.179, 0.177, 0.125, 0.124, 0.119, 0.092, 0.094, 0.099, 0.075, 0.065, 0.072, 0.101, 0.072, 0.084, 0.052]
val CE loss: [1.228, 1.062, 0.834, 0.708, 0.713, 1.053, 0.74, 0.683, 0.684, 0.633, 0.77, 0.738, 0.758, 0.717, 0.965, 0.909, 0.75, 0.732, 0.753, 0.655, 0.718, 0.789, 0.805, 0.739, 0.758, 0.803, 0.752, 0.757, 0.786, 0.792, 0.804, 0.837, 0.878, 0.907, 0.834, 0.893]
train attention loss: [0.308, 0.264, 0.25, 0.244, 0.246, 0.226, 0.17, 0.159, 0.147, 0.144, 0.135, 0.127, 0.122, 0.115, 0.103, 0.095, 0.093, 0.09, 0.085, 0.085, 0.079, 0.074, 0.071, 0.072, 0.068, 0.064, 0.064, 0.062, 0.063, 0.061, 0.06, 0.057, 0.056, 0.056, 0.058, 0.058]
val attention loss: [0.277, 0.25, 0.252, 0.257, 0.248, 0.178, 0.166, 0.162, 0.153, 0.152, 0.138, 0.139, 0.131, 0.13, 0.111, 0.108, 0.114, 0.11, 0.106, 0.108, 0.102, 0.096, 0.096, 0.095, 0.091, 0.087, 0.089, 0.088, 0.087, 0.089, 0.087, 0.082, 0.086, 0.078, 0.094, 0.08]
start train :36
start val :36
train loss: [4.906, 3.715, 3.346, 3.108, 3.012, 2.987, 2.332, 1.972, 1.891, 1.749, 1.681, 1.568, 1.487, 1.42, 1.396, 1.315, 1.214, 1.14, 1.061, 1.024, 0.993, 0.918, 0.887, 0.846, 0.802, 0.76, 0.729, 0.71, 0.73, 0.681, 0.665, 0.643, 0.663, 0.628, 0.663, 0.627, 0.601]
val loss: [3.997, 3.561, 3.354, 3.276, 3.192, 2.829, 2.4, 2.302, 2.213, 2.155, 2.145, 2.127, 2.072, 2.018, 2.076, 1.985, 1.895, 1.836, 1.81, 1.735, 1.742, 1.749, 1.766, 1.686, 1.667, 1.676, 1.645, 1.633, 1.659, 1.683, 1.669, 1.661, 1.734, 1.69, 1.774, 1.69, 1.65]
train acc: [0.516, 0.612, 0.675, 0.751, 0.804, 0.749, 0.798, 0.852, 0.835, 0.877, 0.875, 0.886, 0.9, 0.902, 0.879, 0.874, 0.897, 0.913, 0.927, 0.935, 0.929, 0.932, 0.936, 0.957, 0.958, 0.96, 0.964, 0.967, 0.97, 0.974, 0.98, 0.976, 0.964, 0.974, 0.975, 0.982, 0.977]
val acc: [0.554, 0.588, 0.675, 0.747, 0.754, 0.644, 0.775, 0.795, 0.795, 0.824, 0.801, 0.814, 0.801, 0.831, 0.773, 0.786, 0.831, 0.838, 0.842, 0.867, 0.87, 0.855, 0.861, 0.874, 0.87, 0.863, 0.873, 0.883, 0.879, 0.884, 0.89, 0.883, 0.881, 0.874, 0.903, 0.893, 0.901]
train CE loss: [1.829, 1.077, 0.843, 0.67, 0.547, 0.728, 0.63, 0.378, 0.421, 0.311, 0.328, 0.301, 0.27, 0.269, 0.362, 0.369, 0.281, 0.244, 0.212, 0.176, 0.204, 0.179, 0.177, 0.125, 0.124, 0.119, 0.092, 0.094, 0.099, 0.075, 0.065, 0.072, 0.101, 0.072, 0.084, 0.052, 0.075]
val CE loss: [1.228, 1.062, 0.834, 0.708, 0.713, 1.053, 0.74, 0.683, 0.684, 0.633, 0.77, 0.738, 0.758, 0.717, 0.965, 0.909, 0.75, 0.732, 0.753, 0.655, 0.718, 0.789, 0.805, 0.739, 0.758, 0.803, 0.752, 0.757, 0.786, 0.792, 0.804, 0.837, 0.878, 0.907, 0.834, 0.893, 0.822]
train attention loss: [0.308, 0.264, 0.25, 0.244, 0.246, 0.226, 0.17, 0.159, 0.147, 0.144, 0.135, 0.127, 0.122, 0.115, 0.103, 0.095, 0.093, 0.09, 0.085, 0.085, 0.079, 0.074, 0.071, 0.072, 0.068, 0.064, 0.064, 0.062, 0.063, 0.061, 0.06, 0.057, 0.056, 0.056, 0.058, 0.058, 0.053]
val attention loss: [0.277, 0.25, 0.252, 0.257, 0.248, 0.178, 0.166, 0.162, 0.153, 0.152, 0.138, 0.139, 0.131, 0.13, 0.111, 0.108, 0.114, 0.11, 0.106, 0.108, 0.102, 0.096, 0.096, 0.095, 0.091, 0.087, 0.089, 0.088, 0.087, 0.089, 0.087, 0.082, 0.086, 0.078, 0.094, 0.08, 0.083]
start train :37
start val :37
train loss: [4.906, 3.715, 3.346, 3.108, 3.012, 2.987, 2.332, 1.972, 1.891, 1.749, 1.681, 1.568, 1.487, 1.42, 1.396, 1.315, 1.214, 1.14, 1.061, 1.024, 0.993, 0.918, 0.887, 0.846, 0.802, 0.76, 0.729, 0.71, 0.73, 0.681, 0.665, 0.643, 0.663, 0.628, 0.663, 0.627, 0.601, 0.582]
val loss: [3.997, 3.561, 3.354, 3.276, 3.192, 2.829, 2.4, 2.302, 2.213, 2.155, 2.145, 2.127, 2.072, 2.018, 2.076, 1.985, 1.895, 1.836, 1.81, 1.735, 1.742, 1.749, 1.766, 1.686, 1.667, 1.676, 1.645, 1.633, 1.659, 1.683, 1.669, 1.661, 1.734, 1.69, 1.774, 1.69, 1.65, 1.69]
train acc: [0.516, 0.612, 0.675, 0.751, 0.804, 0.749, 0.798, 0.852, 0.835, 0.877, 0.875, 0.886, 0.9, 0.902, 0.879, 0.874, 0.897, 0.913, 0.927, 0.935, 0.929, 0.932, 0.936, 0.957, 0.958, 0.96, 0.964, 0.967, 0.97, 0.974, 0.98, 0.976, 0.964, 0.974, 0.975, 0.982, 0.977, 0.984]
val acc: [0.554, 0.588, 0.675, 0.747, 0.754, 0.644, 0.775, 0.795, 0.795, 0.824, 0.801, 0.814, 0.801, 0.831, 0.773, 0.786, 0.831, 0.838, 0.842, 0.867, 0.87, 0.855, 0.861, 0.874, 0.87, 0.863, 0.873, 0.883, 0.879, 0.884, 0.89, 0.883, 0.881, 0.874, 0.903, 0.893, 0.901, 0.891]
train CE loss: [1.829, 1.077, 0.843, 0.67, 0.547, 0.728, 0.63, 0.378, 0.421, 0.311, 0.328, 0.301, 0.27, 0.269, 0.362, 0.369, 0.281, 0.244, 0.212, 0.176, 0.204, 0.179, 0.177, 0.125, 0.124, 0.119, 0.092, 0.094, 0.099, 0.075, 0.065, 0.072, 0.101, 0.072, 0.084, 0.052, 0.075, 0.052]
val CE loss: [1.228, 1.062, 0.834, 0.708, 0.713, 1.053, 0.74, 0.683, 0.684, 0.633, 0.77, 0.738, 0.758, 0.717, 0.965, 0.909, 0.75, 0.732, 0.753, 0.655, 0.718, 0.789, 0.805, 0.739, 0.758, 0.803, 0.752, 0.757, 0.786, 0.792, 0.804, 0.837, 0.878, 0.907, 0.834, 0.893, 0.822, 0.899]
train attention loss: [0.308, 0.264, 0.25, 0.244, 0.246, 0.226, 0.17, 0.159, 0.147, 0.144, 0.135, 0.127, 0.122, 0.115, 0.103, 0.095, 0.093, 0.09, 0.085, 0.085, 0.079, 0.074, 0.071, 0.072, 0.068, 0.064, 0.064, 0.062, 0.063, 0.061, 0.06, 0.057, 0.056, 0.056, 0.058, 0.058, 0.053, 0.053]
val attention loss: [0.277, 0.25, 0.252, 0.257, 0.248, 0.178, 0.166, 0.162, 0.153, 0.152, 0.138, 0.139, 0.131, 0.13, 0.111, 0.108, 0.114, 0.11, 0.106, 0.108, 0.102, 0.096, 0.096, 0.095, 0.091, 0.087, 0.089, 0.088, 0.087, 0.089, 0.087, 0.082, 0.086, 0.078, 0.094, 0.08, 0.083, 0.079]
start train :38
start val :38
train loss: [4.906, 3.715, 3.346, 3.108, 3.012, 2.987, 2.332, 1.972, 1.891, 1.749, 1.681, 1.568, 1.487, 1.42, 1.396, 1.315, 1.214, 1.14, 1.061, 1.024, 0.993, 0.918, 0.887, 0.846, 0.802, 0.76, 0.729, 0.71, 0.73, 0.681, 0.665, 0.643, 0.663, 0.628, 0.663, 0.627, 0.601, 0.582, 0.584]
val loss: [3.997, 3.561, 3.354, 3.276, 3.192, 2.829, 2.4, 2.302, 2.213, 2.155, 2.145, 2.127, 2.072, 2.018, 2.076, 1.985, 1.895, 1.836, 1.81, 1.735, 1.742, 1.749, 1.766, 1.686, 1.667, 1.676, 1.645, 1.633, 1.659, 1.683, 1.669, 1.661, 1.734, 1.69, 1.774, 1.69, 1.65, 1.69, 1.646]
train acc: [0.516, 0.612, 0.675, 0.751, 0.804, 0.749, 0.798, 0.852, 0.835, 0.877, 0.875, 0.886, 0.9, 0.902, 0.879, 0.874, 0.897, 0.913, 0.927, 0.935, 0.929, 0.932, 0.936, 0.957, 0.958, 0.96, 0.964, 0.967, 0.97, 0.974, 0.98, 0.976, 0.964, 0.974, 0.975, 0.982, 0.977, 0.984, 0.983]
val acc: [0.554, 0.588, 0.675, 0.747, 0.754, 0.644, 0.775, 0.795, 0.795, 0.824, 0.801, 0.814, 0.801, 0.831, 0.773, 0.786, 0.831, 0.838, 0.842, 0.867, 0.87, 0.855, 0.861, 0.874, 0.87, 0.863, 0.873, 0.883, 0.879, 0.884, 0.89, 0.883, 0.881, 0.874, 0.903, 0.893, 0.901, 0.891, 0.897]
train CE loss: [1.829, 1.077, 0.843, 0.67, 0.547, 0.728, 0.63, 0.378, 0.421, 0.311, 0.328, 0.301, 0.27, 0.269, 0.362, 0.369, 0.281, 0.244, 0.212, 0.176, 0.204, 0.179, 0.177, 0.125, 0.124, 0.119, 0.092, 0.094, 0.099, 0.075, 0.065, 0.072, 0.101, 0.072, 0.084, 0.052, 0.075, 0.052, 0.064]
val CE loss: [1.228, 1.062, 0.834, 0.708, 0.713, 1.053, 0.74, 0.683, 0.684, 0.633, 0.77, 0.738, 0.758, 0.717, 0.965, 0.909, 0.75, 0.732, 0.753, 0.655, 0.718, 0.789, 0.805, 0.739, 0.758, 0.803, 0.752, 0.757, 0.786, 0.792, 0.804, 0.837, 0.878, 0.907, 0.834, 0.893, 0.822, 0.899, 0.872]
train attention loss: [0.308, 0.264, 0.25, 0.244, 0.246, 0.226, 0.17, 0.159, 0.147, 0.144, 0.135, 0.127, 0.122, 0.115, 0.103, 0.095, 0.093, 0.09, 0.085, 0.085, 0.079, 0.074, 0.071, 0.072, 0.068, 0.064, 0.064, 0.062, 0.063, 0.061, 0.06, 0.057, 0.056, 0.056, 0.058, 0.058, 0.053, 0.053, 0.052]
val attention loss: [0.277, 0.25, 0.252, 0.257, 0.248, 0.178, 0.166, 0.162, 0.153, 0.152, 0.138, 0.139, 0.131, 0.13, 0.111, 0.108, 0.114, 0.11, 0.106, 0.108, 0.102, 0.096, 0.096, 0.095, 0.091, 0.087, 0.089, 0.088, 0.087, 0.089, 0.087, 0.082, 0.086, 0.078, 0.094, 0.08, 0.083, 0.079, 0.077]
start train :39
start val :39
train loss: [4.906, 3.715, 3.346, 3.108, 3.012, 2.987, 2.332, 1.972, 1.891, 1.749, 1.681, 1.568, 1.487, 1.42, 1.396, 1.315, 1.214, 1.14, 1.061, 1.024, 0.993, 0.918, 0.887, 0.846, 0.802, 0.76, 0.729, 0.71, 0.73, 0.681, 0.665, 0.643, 0.663, 0.628, 0.663, 0.627, 0.601, 0.582, 0.584, 0.543]
val loss: [3.997, 3.561, 3.354, 3.276, 3.192, 2.829, 2.4, 2.302, 2.213, 2.155, 2.145, 2.127, 2.072, 2.018, 2.076, 1.985, 1.895, 1.836, 1.81, 1.735, 1.742, 1.749, 1.766, 1.686, 1.667, 1.676, 1.645, 1.633, 1.659, 1.683, 1.669, 1.661, 1.734, 1.69, 1.774, 1.69, 1.65, 1.69, 1.646, 1.673]
train acc: [0.516, 0.612, 0.675, 0.751, 0.804, 0.749, 0.798, 0.852, 0.835, 0.877, 0.875, 0.886, 0.9, 0.902, 0.879, 0.874, 0.897, 0.913, 0.927, 0.935, 0.929, 0.932, 0.936, 0.957, 0.958, 0.96, 0.964, 0.967, 0.97, 0.974, 0.98, 0.976, 0.964, 0.974, 0.975, 0.982, 0.977, 0.984, 0.983, 0.983]
val acc: [0.554, 0.588, 0.675, 0.747, 0.754, 0.644, 0.775, 0.795, 0.795, 0.824, 0.801, 0.814, 0.801, 0.831, 0.773, 0.786, 0.831, 0.838, 0.842, 0.867, 0.87, 0.855, 0.861, 0.874, 0.87, 0.863, 0.873, 0.883, 0.879, 0.884, 0.89, 0.883, 0.881, 0.874, 0.903, 0.893, 0.901, 0.891, 0.897, 0.899]
train CE loss: [1.829, 1.077, 0.843, 0.67, 0.547, 0.728, 0.63, 0.378, 0.421, 0.311, 0.328, 0.301, 0.27, 0.269, 0.362, 0.369, 0.281, 0.244, 0.212, 0.176, 0.204, 0.179, 0.177, 0.125, 0.124, 0.119, 0.092, 0.094, 0.099, 0.075, 0.065, 0.072, 0.101, 0.072, 0.084, 0.052, 0.075, 0.052, 0.064, 0.052]
val CE loss: [1.228, 1.062, 0.834, 0.708, 0.713, 1.053, 0.74, 0.683, 0.684, 0.633, 0.77, 0.738, 0.758, 0.717, 0.965, 0.909, 0.75, 0.732, 0.753, 0.655, 0.718, 0.789, 0.805, 0.739, 0.758, 0.803, 0.752, 0.757, 0.786, 0.792, 0.804, 0.837, 0.878, 0.907, 0.834, 0.893, 0.822, 0.899, 0.872, 0.916]
train attention loss: [0.308, 0.264, 0.25, 0.244, 0.246, 0.226, 0.17, 0.159, 0.147, 0.144, 0.135, 0.127, 0.122, 0.115, 0.103, 0.095, 0.093, 0.09, 0.085, 0.085, 0.079, 0.074, 0.071, 0.072, 0.068, 0.064, 0.064, 0.062, 0.063, 0.061, 0.06, 0.057, 0.056, 0.056, 0.058, 0.058, 0.053, 0.053, 0.052, 0.049]
val attention loss: [0.277, 0.25, 0.252, 0.257, 0.248, 0.178, 0.166, 0.162, 0.153, 0.152, 0.138, 0.139, 0.131, 0.13, 0.111, 0.108, 0.114, 0.11, 0.106, 0.108, 0.102, 0.096, 0.096, 0.095, 0.091, 0.087, 0.089, 0.088, 0.087, 0.089, 0.087, 0.082, 0.086, 0.078, 0.094, 0.08, 0.083, 0.079, 0.077, 0.076]
start train :40
start val :40
train loss: [4.906, 3.715, 3.346, 3.108, 3.012, 2.987, 2.332, 1.972, 1.891, 1.749, 1.681, 1.568, 1.487, 1.42, 1.396, 1.315, 1.214, 1.14, 1.061, 1.024, 0.993, 0.918, 0.887, 0.846, 0.802, 0.76, 0.729, 0.71, 0.73, 0.681, 0.665, 0.643, 0.663, 0.628, 0.663, 0.627, 0.601, 0.582, 0.584, 0.543, 0.52]
val loss: [3.997, 3.561, 3.354, 3.276, 3.192, 2.829, 2.4, 2.302, 2.213, 2.155, 2.145, 2.127, 2.072, 2.018, 2.076, 1.985, 1.895, 1.836, 1.81, 1.735, 1.742, 1.749, 1.766, 1.686, 1.667, 1.676, 1.645, 1.633, 1.659, 1.683, 1.669, 1.661, 1.734, 1.69, 1.774, 1.69, 1.65, 1.69, 1.646, 1.673, 1.586]
train acc: [0.516, 0.612, 0.675, 0.751, 0.804, 0.749, 0.798, 0.852, 0.835, 0.877, 0.875, 0.886, 0.9, 0.902, 0.879, 0.874, 0.897, 0.913, 0.927, 0.935, 0.929, 0.932, 0.936, 0.957, 0.958, 0.96, 0.964, 0.967, 0.97, 0.974, 0.98, 0.976, 0.964, 0.974, 0.975, 0.982, 0.977, 0.984, 0.983, 0.983, 0.987]
val acc: [0.554, 0.588, 0.675, 0.747, 0.754, 0.644, 0.775, 0.795, 0.795, 0.824, 0.801, 0.814, 0.801, 0.831, 0.773, 0.786, 0.831, 0.838, 0.842, 0.867, 0.87, 0.855, 0.861, 0.874, 0.87, 0.863, 0.873, 0.883, 0.879, 0.884, 0.89, 0.883, 0.881, 0.874, 0.903, 0.893, 0.901, 0.891, 0.897, 0.899, 0.907]
train CE loss: [1.829, 1.077, 0.843, 0.67, 0.547, 0.728, 0.63, 0.378, 0.421, 0.311, 0.328, 0.301, 0.27, 0.269, 0.362, 0.369, 0.281, 0.244, 0.212, 0.176, 0.204, 0.179, 0.177, 0.125, 0.124, 0.119, 0.092, 0.094, 0.099, 0.075, 0.065, 0.072, 0.101, 0.072, 0.084, 0.052, 0.075, 0.052, 0.064, 0.052, 0.051]
val CE loss: [1.228, 1.062, 0.834, 0.708, 0.713, 1.053, 0.74, 0.683, 0.684, 0.633, 0.77, 0.738, 0.758, 0.717, 0.965, 0.909, 0.75, 0.732, 0.753, 0.655, 0.718, 0.789, 0.805, 0.739, 0.758, 0.803, 0.752, 0.757, 0.786, 0.792, 0.804, 0.837, 0.878, 0.907, 0.834, 0.893, 0.822, 0.899, 0.872, 0.916, 0.839]
train attention loss: [0.308, 0.264, 0.25, 0.244, 0.246, 0.226, 0.17, 0.159, 0.147, 0.144, 0.135, 0.127, 0.122, 0.115, 0.103, 0.095, 0.093, 0.09, 0.085, 0.085, 0.079, 0.074, 0.071, 0.072, 0.068, 0.064, 0.064, 0.062, 0.063, 0.061, 0.06, 0.057, 0.056, 0.056, 0.058, 0.058, 0.053, 0.053, 0.052, 0.049, 0.047]
val attention loss: [0.277, 0.25, 0.252, 0.257, 0.248, 0.178, 0.166, 0.162, 0.153, 0.152, 0.138, 0.139, 0.131, 0.13, 0.111, 0.108, 0.114, 0.11, 0.106, 0.108, 0.102, 0.096, 0.096, 0.095, 0.091, 0.087, 0.089, 0.088, 0.087, 0.089, 0.087, 0.082, 0.086, 0.078, 0.094, 0.08, 0.083, 0.079, 0.077, 0.076, 0.075]
start train :41
start val :41
train loss: [4.906, 3.715, 3.346, 3.108, 3.012, 2.987, 2.332, 1.972, 1.891, 1.749, 1.681, 1.568, 1.487, 1.42, 1.396, 1.315, 1.214, 1.14, 1.061, 1.024, 0.993, 0.918, 0.887, 0.846, 0.802, 0.76, 0.729, 0.71, 0.73, 0.681, 0.665, 0.643, 0.663, 0.628, 0.663, 0.627, 0.601, 0.582, 0.584, 0.543, 0.52, 0.5]
val loss: [3.997, 3.561, 3.354, 3.276, 3.192, 2.829, 2.4, 2.302, 2.213, 2.155, 2.145, 2.127, 2.072, 2.018, 2.076, 1.985, 1.895, 1.836, 1.81, 1.735, 1.742, 1.749, 1.766, 1.686, 1.667, 1.676, 1.645, 1.633, 1.659, 1.683, 1.669, 1.661, 1.734, 1.69, 1.774, 1.69, 1.65, 1.69, 1.646, 1.673, 1.586, 1.579]
train acc: [0.516, 0.612, 0.675, 0.751, 0.804, 0.749, 0.798, 0.852, 0.835, 0.877, 0.875, 0.886, 0.9, 0.902, 0.879, 0.874, 0.897, 0.913, 0.927, 0.935, 0.929, 0.932, 0.936, 0.957, 0.958, 0.96, 0.964, 0.967, 0.97, 0.974, 0.98, 0.976, 0.964, 0.974, 0.975, 0.982, 0.977, 0.984, 0.983, 0.983, 0.987, 0.989]
val acc: [0.554, 0.588, 0.675, 0.747, 0.754, 0.644, 0.775, 0.795, 0.795, 0.824, 0.801, 0.814, 0.801, 0.831, 0.773, 0.786, 0.831, 0.838, 0.842, 0.867, 0.87, 0.855, 0.861, 0.874, 0.87, 0.863, 0.873, 0.883, 0.879, 0.884, 0.89, 0.883, 0.881, 0.874, 0.903, 0.893, 0.901, 0.891, 0.897, 0.899, 0.907, 0.895]
train CE loss: [1.829, 1.077, 0.843, 0.67, 0.547, 0.728, 0.63, 0.378, 0.421, 0.311, 0.328, 0.301, 0.27, 0.269, 0.362, 0.369, 0.281, 0.244, 0.212, 0.176, 0.204, 0.179, 0.177, 0.125, 0.124, 0.119, 0.092, 0.094, 0.099, 0.075, 0.065, 0.072, 0.101, 0.072, 0.084, 0.052, 0.075, 0.052, 0.064, 0.052, 0.051, 0.045]
val CE loss: [1.228, 1.062, 0.834, 0.708, 0.713, 1.053, 0.74, 0.683, 0.684, 0.633, 0.77, 0.738, 0.758, 0.717, 0.965, 0.909, 0.75, 0.732, 0.753, 0.655, 0.718, 0.789, 0.805, 0.739, 0.758, 0.803, 0.752, 0.757, 0.786, 0.792, 0.804, 0.837, 0.878, 0.907, 0.834, 0.893, 0.822, 0.899, 0.872, 0.916, 0.839, 0.869]
train attention loss: [0.308, 0.264, 0.25, 0.244, 0.246, 0.226, 0.17, 0.159, 0.147, 0.144, 0.135, 0.127, 0.122, 0.115, 0.103, 0.095, 0.093, 0.09, 0.085, 0.085, 0.079, 0.074, 0.071, 0.072, 0.068, 0.064, 0.064, 0.062, 0.063, 0.061, 0.06, 0.057, 0.056, 0.056, 0.058, 0.058, 0.053, 0.053, 0.052, 0.049, 0.047, 0.046]
val attention loss: [0.277, 0.25, 0.252, 0.257, 0.248, 0.178, 0.166, 0.162, 0.153, 0.152, 0.138, 0.139, 0.131, 0.13, 0.111, 0.108, 0.114, 0.11, 0.106, 0.108, 0.102, 0.096, 0.096, 0.095, 0.091, 0.087, 0.089, 0.088, 0.087, 0.089, 0.087, 0.082, 0.086, 0.078, 0.094, 0.08, 0.083, 0.079, 0.077, 0.076, 0.075, 0.071]
start train :42
start val :42
train loss: [4.906, 3.715, 3.346, 3.108, 3.012, 2.987, 2.332, 1.972, 1.891, 1.749, 1.681, 1.568, 1.487, 1.42, 1.396, 1.315, 1.214, 1.14, 1.061, 1.024, 0.993, 0.918, 0.887, 0.846, 0.802, 0.76, 0.729, 0.71, 0.73, 0.681, 0.665, 0.643, 0.663, 0.628, 0.663, 0.627, 0.601, 0.582, 0.584, 0.543, 0.52, 0.5, 0.481]
val loss: [3.997, 3.561, 3.354, 3.276, 3.192, 2.829, 2.4, 2.302, 2.213, 2.155, 2.145, 2.127, 2.072, 2.018, 2.076, 1.985, 1.895, 1.836, 1.81, 1.735, 1.742, 1.749, 1.766, 1.686, 1.667, 1.676, 1.645, 1.633, 1.659, 1.683, 1.669, 1.661, 1.734, 1.69, 1.774, 1.69, 1.65, 1.69, 1.646, 1.673, 1.586, 1.579, 1.598]
train acc: [0.516, 0.612, 0.675, 0.751, 0.804, 0.749, 0.798, 0.852, 0.835, 0.877, 0.875, 0.886, 0.9, 0.902, 0.879, 0.874, 0.897, 0.913, 0.927, 0.935, 0.929, 0.932, 0.936, 0.957, 0.958, 0.96, 0.964, 0.967, 0.97, 0.974, 0.98, 0.976, 0.964, 0.974, 0.975, 0.982, 0.977, 0.984, 0.983, 0.983, 0.987, 0.989, 0.99]
val acc: [0.554, 0.588, 0.675, 0.747, 0.754, 0.644, 0.775, 0.795, 0.795, 0.824, 0.801, 0.814, 0.801, 0.831, 0.773, 0.786, 0.831, 0.838, 0.842, 0.867, 0.87, 0.855, 0.861, 0.874, 0.87, 0.863, 0.873, 0.883, 0.879, 0.884, 0.89, 0.883, 0.881, 0.874, 0.903, 0.893, 0.901, 0.891, 0.897, 0.899, 0.907, 0.895, 0.901]
train CE loss: [1.829, 1.077, 0.843, 0.67, 0.547, 0.728, 0.63, 0.378, 0.421, 0.311, 0.328, 0.301, 0.27, 0.269, 0.362, 0.369, 0.281, 0.244, 0.212, 0.176, 0.204, 0.179, 0.177, 0.125, 0.124, 0.119, 0.092, 0.094, 0.099, 0.075, 0.065, 0.072, 0.101, 0.072, 0.084, 0.052, 0.075, 0.052, 0.064, 0.052, 0.051, 0.045, 0.036]
val CE loss: [1.228, 1.062, 0.834, 0.708, 0.713, 1.053, 0.74, 0.683, 0.684, 0.633, 0.77, 0.738, 0.758, 0.717, 0.965, 0.909, 0.75, 0.732, 0.753, 0.655, 0.718, 0.789, 0.805, 0.739, 0.758, 0.803, 0.752, 0.757, 0.786, 0.792, 0.804, 0.837, 0.878, 0.907, 0.834, 0.893, 0.822, 0.899, 0.872, 0.916, 0.839, 0.869, 0.865]
train attention loss: [0.308, 0.264, 0.25, 0.244, 0.246, 0.226, 0.17, 0.159, 0.147, 0.144, 0.135, 0.127, 0.122, 0.115, 0.103, 0.095, 0.093, 0.09, 0.085, 0.085, 0.079, 0.074, 0.071, 0.072, 0.068, 0.064, 0.064, 0.062, 0.063, 0.061, 0.06, 0.057, 0.056, 0.056, 0.058, 0.058, 0.053, 0.053, 0.052, 0.049, 0.047, 0.046, 0.045]
val attention loss: [0.277, 0.25, 0.252, 0.257, 0.248, 0.178, 0.166, 0.162, 0.153, 0.152, 0.138, 0.139, 0.131, 0.13, 0.111, 0.108, 0.114, 0.11, 0.106, 0.108, 0.102, 0.096, 0.096, 0.095, 0.091, 0.087, 0.089, 0.088, 0.087, 0.089, 0.087, 0.082, 0.086, 0.078, 0.094, 0.08, 0.083, 0.079, 0.077, 0.076, 0.075, 0.071, 0.073]
start train :43
start val :43
train loss: [4.906, 3.715, 3.346, 3.108, 3.012, 2.987, 2.332, 1.972, 1.891, 1.749, 1.681, 1.568, 1.487, 1.42, 1.396, 1.315, 1.214, 1.14, 1.061, 1.024, 0.993, 0.918, 0.887, 0.846, 0.802, 0.76, 0.729, 0.71, 0.73, 0.681, 0.665, 0.643, 0.663, 0.628, 0.663, 0.627, 0.601, 0.582, 0.584, 0.543, 0.52, 0.5, 0.481, 0.474]
val loss: [3.997, 3.561, 3.354, 3.276, 3.192, 2.829, 2.4, 2.302, 2.213, 2.155, 2.145, 2.127, 2.072, 2.018, 2.076, 1.985, 1.895, 1.836, 1.81, 1.735, 1.742, 1.749, 1.766, 1.686, 1.667, 1.676, 1.645, 1.633, 1.659, 1.683, 1.669, 1.661, 1.734, 1.69, 1.774, 1.69, 1.65, 1.69, 1.646, 1.673, 1.586, 1.579, 1.598, 1.617]
train acc: [0.516, 0.612, 0.675, 0.751, 0.804, 0.749, 0.798, 0.852, 0.835, 0.877, 0.875, 0.886, 0.9, 0.902, 0.879, 0.874, 0.897, 0.913, 0.927, 0.935, 0.929, 0.932, 0.936, 0.957, 0.958, 0.96, 0.964, 0.967, 0.97, 0.974, 0.98, 0.976, 0.964, 0.974, 0.975, 0.982, 0.977, 0.984, 0.983, 0.983, 0.987, 0.989, 0.99, 0.99]
val acc: [0.554, 0.588, 0.675, 0.747, 0.754, 0.644, 0.775, 0.795, 0.795, 0.824, 0.801, 0.814, 0.801, 0.831, 0.773, 0.786, 0.831, 0.838, 0.842, 0.867, 0.87, 0.855, 0.861, 0.874, 0.87, 0.863, 0.873, 0.883, 0.879, 0.884, 0.89, 0.883, 0.881, 0.874, 0.903, 0.893, 0.901, 0.891, 0.897, 0.899, 0.907, 0.895, 0.901, 0.902]
train CE loss: [1.829, 1.077, 0.843, 0.67, 0.547, 0.728, 0.63, 0.378, 0.421, 0.311, 0.328, 0.301, 0.27, 0.269, 0.362, 0.369, 0.281, 0.244, 0.212, 0.176, 0.204, 0.179, 0.177, 0.125, 0.124, 0.119, 0.092, 0.094, 0.099, 0.075, 0.065, 0.072, 0.101, 0.072, 0.084, 0.052, 0.075, 0.052, 0.064, 0.052, 0.051, 0.045, 0.036, 0.037]
val CE loss: [1.228, 1.062, 0.834, 0.708, 0.713, 1.053, 0.74, 0.683, 0.684, 0.633, 0.77, 0.738, 0.758, 0.717, 0.965, 0.909, 0.75, 0.732, 0.753, 0.655, 0.718, 0.789, 0.805, 0.739, 0.758, 0.803, 0.752, 0.757, 0.786, 0.792, 0.804, 0.837, 0.878, 0.907, 0.834, 0.893, 0.822, 0.899, 0.872, 0.916, 0.839, 0.869, 0.865, 0.884]
train attention loss: [0.308, 0.264, 0.25, 0.244, 0.246, 0.226, 0.17, 0.159, 0.147, 0.144, 0.135, 0.127, 0.122, 0.115, 0.103, 0.095, 0.093, 0.09, 0.085, 0.085, 0.079, 0.074, 0.071, 0.072, 0.068, 0.064, 0.064, 0.062, 0.063, 0.061, 0.06, 0.057, 0.056, 0.056, 0.058, 0.058, 0.053, 0.053, 0.052, 0.049, 0.047, 0.046, 0.045, 0.044]
val attention loss: [0.277, 0.25, 0.252, 0.257, 0.248, 0.178, 0.166, 0.162, 0.153, 0.152, 0.138, 0.139, 0.131, 0.13, 0.111, 0.108, 0.114, 0.11, 0.106, 0.108, 0.102, 0.096, 0.096, 0.095, 0.091, 0.087, 0.089, 0.088, 0.087, 0.089, 0.087, 0.082, 0.086, 0.078, 0.094, 0.08, 0.083, 0.079, 0.077, 0.076, 0.075, 0.071, 0.073, 0.073]
start train :44
start val :44
train loss: [4.906, 3.715, 3.346, 3.108, 3.012, 2.987, 2.332, 1.972, 1.891, 1.749, 1.681, 1.568, 1.487, 1.42, 1.396, 1.315, 1.214, 1.14, 1.061, 1.024, 0.993, 0.918, 0.887, 0.846, 0.802, 0.76, 0.729, 0.71, 0.73, 0.681, 0.665, 0.643, 0.663, 0.628, 0.663, 0.627, 0.601, 0.582, 0.584, 0.543, 0.52, 0.5, 0.481, 0.474, 0.46]
val loss: [3.997, 3.561, 3.354, 3.276, 3.192, 2.829, 2.4, 2.302, 2.213, 2.155, 2.145, 2.127, 2.072, 2.018, 2.076, 1.985, 1.895, 1.836, 1.81, 1.735, 1.742, 1.749, 1.766, 1.686, 1.667, 1.676, 1.645, 1.633, 1.659, 1.683, 1.669, 1.661, 1.734, 1.69, 1.774, 1.69, 1.65, 1.69, 1.646, 1.673, 1.586, 1.579, 1.598, 1.617, 1.681]
train acc: [0.516, 0.612, 0.675, 0.751, 0.804, 0.749, 0.798, 0.852, 0.835, 0.877, 0.875, 0.886, 0.9, 0.902, 0.879, 0.874, 0.897, 0.913, 0.927, 0.935, 0.929, 0.932, 0.936, 0.957, 0.958, 0.96, 0.964, 0.967, 0.97, 0.974, 0.98, 0.976, 0.964, 0.974, 0.975, 0.982, 0.977, 0.984, 0.983, 0.983, 0.987, 0.989, 0.99, 0.99, 0.992]
val acc: [0.554, 0.588, 0.675, 0.747, 0.754, 0.644, 0.775, 0.795, 0.795, 0.824, 0.801, 0.814, 0.801, 0.831, 0.773, 0.786, 0.831, 0.838, 0.842, 0.867, 0.87, 0.855, 0.861, 0.874, 0.87, 0.863, 0.873, 0.883, 0.879, 0.884, 0.89, 0.883, 0.881, 0.874, 0.903, 0.893, 0.901, 0.891, 0.897, 0.899, 0.907, 0.895, 0.901, 0.902, 0.893]
train CE loss: [1.829, 1.077, 0.843, 0.67, 0.547, 0.728, 0.63, 0.378, 0.421, 0.311, 0.328, 0.301, 0.27, 0.269, 0.362, 0.369, 0.281, 0.244, 0.212, 0.176, 0.204, 0.179, 0.177, 0.125, 0.124, 0.119, 0.092, 0.094, 0.099, 0.075, 0.065, 0.072, 0.101, 0.072, 0.084, 0.052, 0.075, 0.052, 0.064, 0.052, 0.051, 0.045, 0.036, 0.037, 0.032]
val CE loss: [1.228, 1.062, 0.834, 0.708, 0.713, 1.053, 0.74, 0.683, 0.684, 0.633, 0.77, 0.738, 0.758, 0.717, 0.965, 0.909, 0.75, 0.732, 0.753, 0.655, 0.718, 0.789, 0.805, 0.739, 0.758, 0.803, 0.752, 0.757, 0.786, 0.792, 0.804, 0.837, 0.878, 0.907, 0.834, 0.893, 0.822, 0.899, 0.872, 0.916, 0.839, 0.869, 0.865, 0.884, 0.965]
train attention loss: [0.308, 0.264, 0.25, 0.244, 0.246, 0.226, 0.17, 0.159, 0.147, 0.144, 0.135, 0.127, 0.122, 0.115, 0.103, 0.095, 0.093, 0.09, 0.085, 0.085, 0.079, 0.074, 0.071, 0.072, 0.068, 0.064, 0.064, 0.062, 0.063, 0.061, 0.06, 0.057, 0.056, 0.056, 0.058, 0.058, 0.053, 0.053, 0.052, 0.049, 0.047, 0.046, 0.045, 0.044, 0.043]
val attention loss: [0.277, 0.25, 0.252, 0.257, 0.248, 0.178, 0.166, 0.162, 0.153, 0.152, 0.138, 0.139, 0.131, 0.13, 0.111, 0.108, 0.114, 0.11, 0.106, 0.108, 0.102, 0.096, 0.096, 0.095, 0.091, 0.087, 0.089, 0.088, 0.087, 0.089, 0.087, 0.082, 0.086, 0.078, 0.094, 0.08, 0.083, 0.079, 0.077, 0.076, 0.075, 0.071, 0.073, 0.073, 0.072]
start train :45
start val :45
train loss: [4.906, 3.715, 3.346, 3.108, 3.012, 2.987, 2.332, 1.972, 1.891, 1.749, 1.681, 1.568, 1.487, 1.42, 1.396, 1.315, 1.214, 1.14, 1.061, 1.024, 0.993, 0.918, 0.887, 0.846, 0.802, 0.76, 0.729, 0.71, 0.73, 0.681, 0.665, 0.643, 0.663, 0.628, 0.663, 0.627, 0.601, 0.582, 0.584, 0.543, 0.52, 0.5, 0.481, 0.474, 0.46, 0.458]
val loss: [3.997, 3.561, 3.354, 3.276, 3.192, 2.829, 2.4, 2.302, 2.213, 2.155, 2.145, 2.127, 2.072, 2.018, 2.076, 1.985, 1.895, 1.836, 1.81, 1.735, 1.742, 1.749, 1.766, 1.686, 1.667, 1.676, 1.645, 1.633, 1.659, 1.683, 1.669, 1.661, 1.734, 1.69, 1.774, 1.69, 1.65, 1.69, 1.646, 1.673, 1.586, 1.579, 1.598, 1.617, 1.681, 1.697]
train acc: [0.516, 0.612, 0.675, 0.751, 0.804, 0.749, 0.798, 0.852, 0.835, 0.877, 0.875, 0.886, 0.9, 0.902, 0.879, 0.874, 0.897, 0.913, 0.927, 0.935, 0.929, 0.932, 0.936, 0.957, 0.958, 0.96, 0.964, 0.967, 0.97, 0.974, 0.98, 0.976, 0.964, 0.974, 0.975, 0.982, 0.977, 0.984, 0.983, 0.983, 0.987, 0.989, 0.99, 0.99, 0.992, 0.99]
val acc: [0.554, 0.588, 0.675, 0.747, 0.754, 0.644, 0.775, 0.795, 0.795, 0.824, 0.801, 0.814, 0.801, 0.831, 0.773, 0.786, 0.831, 0.838, 0.842, 0.867, 0.87, 0.855, 0.861, 0.874, 0.87, 0.863, 0.873, 0.883, 0.879, 0.884, 0.89, 0.883, 0.881, 0.874, 0.903, 0.893, 0.901, 0.891, 0.897, 0.899, 0.907, 0.895, 0.901, 0.902, 0.893, 0.883]
train CE loss: [1.829, 1.077, 0.843, 0.67, 0.547, 0.728, 0.63, 0.378, 0.421, 0.311, 0.328, 0.301, 0.27, 0.269, 0.362, 0.369, 0.281, 0.244, 0.212, 0.176, 0.204, 0.179, 0.177, 0.125, 0.124, 0.119, 0.092, 0.094, 0.099, 0.075, 0.065, 0.072, 0.101, 0.072, 0.084, 0.052, 0.075, 0.052, 0.064, 0.052, 0.051, 0.045, 0.036, 0.037, 0.032, 0.036]
val CE loss: [1.228, 1.062, 0.834, 0.708, 0.713, 1.053, 0.74, 0.683, 0.684, 0.633, 0.77, 0.738, 0.758, 0.717, 0.965, 0.909, 0.75, 0.732, 0.753, 0.655, 0.718, 0.789, 0.805, 0.739, 0.758, 0.803, 0.752, 0.757, 0.786, 0.792, 0.804, 0.837, 0.878, 0.907, 0.834, 0.893, 0.822, 0.899, 0.872, 0.916, 0.839, 0.869, 0.865, 0.884, 0.965, 1.007]
train attention loss: [0.308, 0.264, 0.25, 0.244, 0.246, 0.226, 0.17, 0.159, 0.147, 0.144, 0.135, 0.127, 0.122, 0.115, 0.103, 0.095, 0.093, 0.09, 0.085, 0.085, 0.079, 0.074, 0.071, 0.072, 0.068, 0.064, 0.064, 0.062, 0.063, 0.061, 0.06, 0.057, 0.056, 0.056, 0.058, 0.058, 0.053, 0.053, 0.052, 0.049, 0.047, 0.046, 0.045, 0.044, 0.043, 0.042]
val attention loss: [0.277, 0.25, 0.252, 0.257, 0.248, 0.178, 0.166, 0.162, 0.153, 0.152, 0.138, 0.139, 0.131, 0.13, 0.111, 0.108, 0.114, 0.11, 0.106, 0.108, 0.102, 0.096, 0.096, 0.095, 0.091, 0.087, 0.089, 0.088, 0.087, 0.089, 0.087, 0.082, 0.086, 0.078, 0.094, 0.08, 0.083, 0.079, 0.077, 0.076, 0.075, 0.071, 0.073, 0.073, 0.072, 0.069]
start train :46
start val :46
train loss: [4.906, 3.715, 3.346, 3.108, 3.012, 2.987, 2.332, 1.972, 1.891, 1.749, 1.681, 1.568, 1.487, 1.42, 1.396, 1.315, 1.214, 1.14, 1.061, 1.024, 0.993, 0.918, 0.887, 0.846, 0.802, 0.76, 0.729, 0.71, 0.73, 0.681, 0.665, 0.643, 0.663, 0.628, 0.663, 0.627, 0.601, 0.582, 0.584, 0.543, 0.52, 0.5, 0.481, 0.474, 0.46, 0.458, 0.471]
val loss: [3.997, 3.561, 3.354, 3.276, 3.192, 2.829, 2.4, 2.302, 2.213, 2.155, 2.145, 2.127, 2.072, 2.018, 2.076, 1.985, 1.895, 1.836, 1.81, 1.735, 1.742, 1.749, 1.766, 1.686, 1.667, 1.676, 1.645, 1.633, 1.659, 1.683, 1.669, 1.661, 1.734, 1.69, 1.774, 1.69, 1.65, 1.69, 1.646, 1.673, 1.586, 1.579, 1.598, 1.617, 1.681, 1.697, 1.688]
train acc: [0.516, 0.612, 0.675, 0.751, 0.804, 0.749, 0.798, 0.852, 0.835, 0.877, 0.875, 0.886, 0.9, 0.902, 0.879, 0.874, 0.897, 0.913, 0.927, 0.935, 0.929, 0.932, 0.936, 0.957, 0.958, 0.96, 0.964, 0.967, 0.97, 0.974, 0.98, 0.976, 0.964, 0.974, 0.975, 0.982, 0.977, 0.984, 0.983, 0.983, 0.987, 0.989, 0.99, 0.99, 0.992, 0.99, 0.99]
val acc: [0.554, 0.588, 0.675, 0.747, 0.754, 0.644, 0.775, 0.795, 0.795, 0.824, 0.801, 0.814, 0.801, 0.831, 0.773, 0.786, 0.831, 0.838, 0.842, 0.867, 0.87, 0.855, 0.861, 0.874, 0.87, 0.863, 0.873, 0.883, 0.879, 0.884, 0.89, 0.883, 0.881, 0.874, 0.903, 0.893, 0.901, 0.891, 0.897, 0.899, 0.907, 0.895, 0.901, 0.902, 0.893, 0.883, 0.887]
train CE loss: [1.829, 1.077, 0.843, 0.67, 0.547, 0.728, 0.63, 0.378, 0.421, 0.311, 0.328, 0.301, 0.27, 0.269, 0.362, 0.369, 0.281, 0.244, 0.212, 0.176, 0.204, 0.179, 0.177, 0.125, 0.124, 0.119, 0.092, 0.094, 0.099, 0.075, 0.065, 0.072, 0.101, 0.072, 0.084, 0.052, 0.075, 0.052, 0.064, 0.052, 0.051, 0.045, 0.036, 0.037, 0.032, 0.036, 0.04]
val CE loss: [1.228, 1.062, 0.834, 0.708, 0.713, 1.053, 0.74, 0.683, 0.684, 0.633, 0.77, 0.738, 0.758, 0.717, 0.965, 0.909, 0.75, 0.732, 0.753, 0.655, 0.718, 0.789, 0.805, 0.739, 0.758, 0.803, 0.752, 0.757, 0.786, 0.792, 0.804, 0.837, 0.878, 0.907, 0.834, 0.893, 0.822, 0.899, 0.872, 0.916, 0.839, 0.869, 0.865, 0.884, 0.965, 1.007, 1.0]
train attention loss: [0.308, 0.264, 0.25, 0.244, 0.246, 0.226, 0.17, 0.159, 0.147, 0.144, 0.135, 0.127, 0.122, 0.115, 0.103, 0.095, 0.093, 0.09, 0.085, 0.085, 0.079, 0.074, 0.071, 0.072, 0.068, 0.064, 0.064, 0.062, 0.063, 0.061, 0.06, 0.057, 0.056, 0.056, 0.058, 0.058, 0.053, 0.053, 0.052, 0.049, 0.047, 0.046, 0.045, 0.044, 0.043, 0.042, 0.043]
val attention loss: [0.277, 0.25, 0.252, 0.257, 0.248, 0.178, 0.166, 0.162, 0.153, 0.152, 0.138, 0.139, 0.131, 0.13, 0.111, 0.108, 0.114, 0.11, 0.106, 0.108, 0.102, 0.096, 0.096, 0.095, 0.091, 0.087, 0.089, 0.088, 0.087, 0.089, 0.087, 0.082, 0.086, 0.078, 0.094, 0.08, 0.083, 0.079, 0.077, 0.076, 0.075, 0.071, 0.073, 0.073, 0.072, 0.069, 0.069]
start train :47
start val :47
train loss: [4.906, 3.715, 3.346, 3.108, 3.012, 2.987, 2.332, 1.972, 1.891, 1.749, 1.681, 1.568, 1.487, 1.42, 1.396, 1.315, 1.214, 1.14, 1.061, 1.024, 0.993, 0.918, 0.887, 0.846, 0.802, 0.76, 0.729, 0.71, 0.73, 0.681, 0.665, 0.643, 0.663, 0.628, 0.663, 0.627, 0.601, 0.582, 0.584, 0.543, 0.52, 0.5, 0.481, 0.474, 0.46, 0.458, 0.471, 0.449]
val loss: [3.997, 3.561, 3.354, 3.276, 3.192, 2.829, 2.4, 2.302, 2.213, 2.155, 2.145, 2.127, 2.072, 2.018, 2.076, 1.985, 1.895, 1.836, 1.81, 1.735, 1.742, 1.749, 1.766, 1.686, 1.667, 1.676, 1.645, 1.633, 1.659, 1.683, 1.669, 1.661, 1.734, 1.69, 1.774, 1.69, 1.65, 1.69, 1.646, 1.673, 1.586, 1.579, 1.598, 1.617, 1.681, 1.697, 1.688, 1.682]
train acc: [0.516, 0.612, 0.675, 0.751, 0.804, 0.749, 0.798, 0.852, 0.835, 0.877, 0.875, 0.886, 0.9, 0.902, 0.879, 0.874, 0.897, 0.913, 0.927, 0.935, 0.929, 0.932, 0.936, 0.957, 0.958, 0.96, 0.964, 0.967, 0.97, 0.974, 0.98, 0.976, 0.964, 0.974, 0.975, 0.982, 0.977, 0.984, 0.983, 0.983, 0.987, 0.989, 0.99, 0.99, 0.992, 0.99, 0.99, 0.99]
val acc: [0.554, 0.588, 0.675, 0.747, 0.754, 0.644, 0.775, 0.795, 0.795, 0.824, 0.801, 0.814, 0.801, 0.831, 0.773, 0.786, 0.831, 0.838, 0.842, 0.867, 0.87, 0.855, 0.861, 0.874, 0.87, 0.863, 0.873, 0.883, 0.879, 0.884, 0.89, 0.883, 0.881, 0.874, 0.903, 0.893, 0.901, 0.891, 0.897, 0.899, 0.907, 0.895, 0.901, 0.902, 0.893, 0.883, 0.887, 0.894]
train CE loss: [1.829, 1.077, 0.843, 0.67, 0.547, 0.728, 0.63, 0.378, 0.421, 0.311, 0.328, 0.301, 0.27, 0.269, 0.362, 0.369, 0.281, 0.244, 0.212, 0.176, 0.204, 0.179, 0.177, 0.125, 0.124, 0.119, 0.092, 0.094, 0.099, 0.075, 0.065, 0.072, 0.101, 0.072, 0.084, 0.052, 0.075, 0.052, 0.064, 0.052, 0.051, 0.045, 0.036, 0.037, 0.032, 0.036, 0.04, 0.039]
val CE loss: [1.228, 1.062, 0.834, 0.708, 0.713, 1.053, 0.74, 0.683, 0.684, 0.633, 0.77, 0.738, 0.758, 0.717, 0.965, 0.909, 0.75, 0.732, 0.753, 0.655, 0.718, 0.789, 0.805, 0.739, 0.758, 0.803, 0.752, 0.757, 0.786, 0.792, 0.804, 0.837, 0.878, 0.907, 0.834, 0.893, 0.822, 0.899, 0.872, 0.916, 0.839, 0.869, 0.865, 0.884, 0.965, 1.007, 1.0, 0.978]
train attention loss: [0.308, 0.264, 0.25, 0.244, 0.246, 0.226, 0.17, 0.159, 0.147, 0.144, 0.135, 0.127, 0.122, 0.115, 0.103, 0.095, 0.093, 0.09, 0.085, 0.085, 0.079, 0.074, 0.071, 0.072, 0.068, 0.064, 0.064, 0.062, 0.063, 0.061, 0.06, 0.057, 0.056, 0.056, 0.058, 0.058, 0.053, 0.053, 0.052, 0.049, 0.047, 0.046, 0.045, 0.044, 0.043, 0.042, 0.043, 0.041]
val attention loss: [0.277, 0.25, 0.252, 0.257, 0.248, 0.178, 0.166, 0.162, 0.153, 0.152, 0.138, 0.139, 0.131, 0.13, 0.111, 0.108, 0.114, 0.11, 0.106, 0.108, 0.102, 0.096, 0.096, 0.095, 0.091, 0.087, 0.089, 0.088, 0.087, 0.089, 0.087, 0.082, 0.086, 0.078, 0.094, 0.08, 0.083, 0.079, 0.077, 0.076, 0.075, 0.071, 0.073, 0.073, 0.072, 0.069, 0.069, 0.07]
start train :48
start val :48
train loss: [4.906, 3.715, 3.346, 3.108, 3.012, 2.987, 2.332, 1.972, 1.891, 1.749, 1.681, 1.568, 1.487, 1.42, 1.396, 1.315, 1.214, 1.14, 1.061, 1.024, 0.993, 0.918, 0.887, 0.846, 0.802, 0.76, 0.729, 0.71, 0.73, 0.681, 0.665, 0.643, 0.663, 0.628, 0.663, 0.627, 0.601, 0.582, 0.584, 0.543, 0.52, 0.5, 0.481, 0.474, 0.46, 0.458, 0.471, 0.449, 0.437]
val loss: [3.997, 3.561, 3.354, 3.276, 3.192, 2.829, 2.4, 2.302, 2.213, 2.155, 2.145, 2.127, 2.072, 2.018, 2.076, 1.985, 1.895, 1.836, 1.81, 1.735, 1.742, 1.749, 1.766, 1.686, 1.667, 1.676, 1.645, 1.633, 1.659, 1.683, 1.669, 1.661, 1.734, 1.69, 1.774, 1.69, 1.65, 1.69, 1.646, 1.673, 1.586, 1.579, 1.598, 1.617, 1.681, 1.697, 1.688, 1.682, 1.7]
train acc: [0.516, 0.612, 0.675, 0.751, 0.804, 0.749, 0.798, 0.852, 0.835, 0.877, 0.875, 0.886, 0.9, 0.902, 0.879, 0.874, 0.897, 0.913, 0.927, 0.935, 0.929, 0.932, 0.936, 0.957, 0.958, 0.96, 0.964, 0.967, 0.97, 0.974, 0.98, 0.976, 0.964, 0.974, 0.975, 0.982, 0.977, 0.984, 0.983, 0.983, 0.987, 0.989, 0.99, 0.99, 0.992, 0.99, 0.99, 0.99, 0.992]
val acc: [0.554, 0.588, 0.675, 0.747, 0.754, 0.644, 0.775, 0.795, 0.795, 0.824, 0.801, 0.814, 0.801, 0.831, 0.773, 0.786, 0.831, 0.838, 0.842, 0.867, 0.87, 0.855, 0.861, 0.874, 0.87, 0.863, 0.873, 0.883, 0.879, 0.884, 0.89, 0.883, 0.881, 0.874, 0.903, 0.893, 0.901, 0.891, 0.897, 0.899, 0.907, 0.895, 0.901, 0.902, 0.893, 0.883, 0.887, 0.894, 0.883]
train CE loss: [1.829, 1.077, 0.843, 0.67, 0.547, 0.728, 0.63, 0.378, 0.421, 0.311, 0.328, 0.301, 0.27, 0.269, 0.362, 0.369, 0.281, 0.244, 0.212, 0.176, 0.204, 0.179, 0.177, 0.125, 0.124, 0.119, 0.092, 0.094, 0.099, 0.075, 0.065, 0.072, 0.101, 0.072, 0.084, 0.052, 0.075, 0.052, 0.064, 0.052, 0.051, 0.045, 0.036, 0.037, 0.032, 0.036, 0.04, 0.039, 0.031]
val CE loss: [1.228, 1.062, 0.834, 0.708, 0.713, 1.053, 0.74, 0.683, 0.684, 0.633, 0.77, 0.738, 0.758, 0.717, 0.965, 0.909, 0.75, 0.732, 0.753, 0.655, 0.718, 0.789, 0.805, 0.739, 0.758, 0.803, 0.752, 0.757, 0.786, 0.792, 0.804, 0.837, 0.878, 0.907, 0.834, 0.893, 0.822, 0.899, 0.872, 0.916, 0.839, 0.869, 0.865, 0.884, 0.965, 1.007, 1.0, 0.978, 1.031]
train attention loss: [0.308, 0.264, 0.25, 0.244, 0.246, 0.226, 0.17, 0.159, 0.147, 0.144, 0.135, 0.127, 0.122, 0.115, 0.103, 0.095, 0.093, 0.09, 0.085, 0.085, 0.079, 0.074, 0.071, 0.072, 0.068, 0.064, 0.064, 0.062, 0.063, 0.061, 0.06, 0.057, 0.056, 0.056, 0.058, 0.058, 0.053, 0.053, 0.052, 0.049, 0.047, 0.046, 0.045, 0.044, 0.043, 0.042, 0.043, 0.041, 0.041]
val attention loss: [0.277, 0.25, 0.252, 0.257, 0.248, 0.178, 0.166, 0.162, 0.153, 0.152, 0.138, 0.139, 0.131, 0.13, 0.111, 0.108, 0.114, 0.11, 0.106, 0.108, 0.102, 0.096, 0.096, 0.095, 0.091, 0.087, 0.089, 0.088, 0.087, 0.089, 0.087, 0.082, 0.086, 0.078, 0.094, 0.08, 0.083, 0.079, 0.077, 0.076, 0.075, 0.071, 0.073, 0.073, 0.072, 0.069, 0.069, 0.07, 0.067]
start train :49
start val :49
train loss: [4.906, 3.715, 3.346, 3.108, 3.012, 2.987, 2.332, 1.972, 1.891, 1.749, 1.681, 1.568, 1.487, 1.42, 1.396, 1.315, 1.214, 1.14, 1.061, 1.024, 0.993, 0.918, 0.887, 0.846, 0.802, 0.76, 0.729, 0.71, 0.73, 0.681, 0.665, 0.643, 0.663, 0.628, 0.663, 0.627, 0.601, 0.582, 0.584, 0.543, 0.52, 0.5, 0.481, 0.474, 0.46, 0.458, 0.471, 0.449, 0.437, 0.433]
val loss: [3.997, 3.561, 3.354, 3.276, 3.192, 2.829, 2.4, 2.302, 2.213, 2.155, 2.145, 2.127, 2.072, 2.018, 2.076, 1.985, 1.895, 1.836, 1.81, 1.735, 1.742, 1.749, 1.766, 1.686, 1.667, 1.676, 1.645, 1.633, 1.659, 1.683, 1.669, 1.661, 1.734, 1.69, 1.774, 1.69, 1.65, 1.69, 1.646, 1.673, 1.586, 1.579, 1.598, 1.617, 1.681, 1.697, 1.688, 1.682, 1.7, 1.615]
train acc: [0.516, 0.612, 0.675, 0.751, 0.804, 0.749, 0.798, 0.852, 0.835, 0.877, 0.875, 0.886, 0.9, 0.902, 0.879, 0.874, 0.897, 0.913, 0.927, 0.935, 0.929, 0.932, 0.936, 0.957, 0.958, 0.96, 0.964, 0.967, 0.97, 0.974, 0.98, 0.976, 0.964, 0.974, 0.975, 0.982, 0.977, 0.984, 0.983, 0.983, 0.987, 0.989, 0.99, 0.99, 0.992, 0.99, 0.99, 0.99, 0.992, 0.993]
val acc: [0.554, 0.588, 0.675, 0.747, 0.754, 0.644, 0.775, 0.795, 0.795, 0.824, 0.801, 0.814, 0.801, 0.831, 0.773, 0.786, 0.831, 0.838, 0.842, 0.867, 0.87, 0.855, 0.861, 0.874, 0.87, 0.863, 0.873, 0.883, 0.879, 0.884, 0.89, 0.883, 0.881, 0.874, 0.903, 0.893, 0.901, 0.891, 0.897, 0.899, 0.907, 0.895, 0.901, 0.902, 0.893, 0.883, 0.887, 0.894, 0.883, 0.899]
train CE loss: [1.829, 1.077, 0.843, 0.67, 0.547, 0.728, 0.63, 0.378, 0.421, 0.311, 0.328, 0.301, 0.27, 0.269, 0.362, 0.369, 0.281, 0.244, 0.212, 0.176, 0.204, 0.179, 0.177, 0.125, 0.124, 0.119, 0.092, 0.094, 0.099, 0.075, 0.065, 0.072, 0.101, 0.072, 0.084, 0.052, 0.075, 0.052, 0.064, 0.052, 0.051, 0.045, 0.036, 0.037, 0.032, 0.036, 0.04, 0.039, 0.031, 0.03]
val CE loss: [1.228, 1.062, 0.834, 0.708, 0.713, 1.053, 0.74, 0.683, 0.684, 0.633, 0.77, 0.738, 0.758, 0.717, 0.965, 0.909, 0.75, 0.732, 0.753, 0.655, 0.718, 0.789, 0.805, 0.739, 0.758, 0.803, 0.752, 0.757, 0.786, 0.792, 0.804, 0.837, 0.878, 0.907, 0.834, 0.893, 0.822, 0.899, 0.872, 0.916, 0.839, 0.869, 0.865, 0.884, 0.965, 1.007, 1.0, 0.978, 1.031, 0.914]
train attention loss: [0.308, 0.264, 0.25, 0.244, 0.246, 0.226, 0.17, 0.159, 0.147, 0.144, 0.135, 0.127, 0.122, 0.115, 0.103, 0.095, 0.093, 0.09, 0.085, 0.085, 0.079, 0.074, 0.071, 0.072, 0.068, 0.064, 0.064, 0.062, 0.063, 0.061, 0.06, 0.057, 0.056, 0.056, 0.058, 0.058, 0.053, 0.053, 0.052, 0.049, 0.047, 0.046, 0.045, 0.044, 0.043, 0.042, 0.043, 0.041, 0.041, 0.04]
val attention loss: [0.277, 0.25, 0.252, 0.257, 0.248, 0.178, 0.166, 0.162, 0.153, 0.152, 0.138, 0.139, 0.131, 0.13, 0.111, 0.108, 0.114, 0.11, 0.106, 0.108, 0.102, 0.096, 0.096, 0.095, 0.091, 0.087, 0.089, 0.088, 0.087, 0.089, 0.087, 0.082, 0.086, 0.078, 0.094, 0.08, 0.083, 0.079, 0.077, 0.076, 0.075, 0.071, 0.073, 0.073, 0.072, 0.069, 0.069, 0.07, 0.067, 0.07]
Training time 0:36:57
